<?xml version="1.0" encoding="UTF-8"?>
<testsuites>
  <testsuite name="http://www.tjsp.jus.br" timestamp="1497374916543" time="3825" tests="359" failures="45" errors="0" skipped="0">
    <testcase classname="http://www.tjsp.jus.br.aria-required-children" name="#carousel-banner > .carousel-inner">
      <failure message="Certain ARIA roles must contain particular children (https://dequeuniversity.com/rules/axe/2.2/aria-required-children?application=webdriverjs)&#xA;">
        <![CDATA[Target: #carousel-banner > .carousel-inner

HTML: <div class="carousel-inner" role="listbox">

Summary:
Fix any of the following:
    • Required ARIA child role not present: option
]]>
      </failure>
    </testcase>
    <testcase classname="http://www.tjsp.jus.br.button-name" name="#ConsultarProcessoButton">
      <failure message="Buttons must have discernible text (https://dequeuniversity.com/rules/axe/2.2/button-name?application=webdriverjs)&#xA;">
        <![CDATA[Target: #ConsultarProcessoButton

HTML: <button id="ConsultarProcessoButton" type="submit" class="btn btn-search pull-right " style="outline:none">
                <i class="fa fa-search"></i>
                <i class="fa fa-circle-o-notch fa-spin"></i>
            </button>

Summary:
Fix any of the following:
    • Element has a value attribute and the value attribute is empty
    • Element has no value attribute or the value attribute is empty
    • Element does not have inner text that is visible to screen readers
    • aria-label attribute does not exist or is empty
    • aria-labelledby attribute does not exist, references elements that do not exist or references elements that are empty or not visible
    • Element's default semantics were not overridden with role="presentation"
    • Element's default semantics were not overridden with role="none"
Fix all of the following:
    • Element is in tab order and does not have accessible text
]]>
      </failure>
    </testcase>
    <testcase classname="http://www.tjsp.jus.br.button-name" name="#_random_name_id_1497374913255,#player_uid_203841059_1 > .ytp-chrome-bottom > .ytp-chrome-controls > .ytp-right-controls > .ytp-fullscreen-button.ytp-button">
      <failure message="Buttons must have discernible text (https://dequeuniversity.com/rules/axe/2.2/button-name?application=webdriverjs)&#xA;">
        <![CDATA[Target: #_random_name_id_1497374913255,#player_uid_203841059_1 > .ytp-chrome-bottom > .ytp-chrome-controls > .ytp-right-controls > .ytp-fullscreen-button.ytp-button

HTML: <button class="ytp-fullscreen-button ytp-button" aria-disabled="true" aria-haspopup="true">

Summary:
Fix any of the following:
    • Element has a value attribute and the value attribute is empty
    • Element has no value attribute or the value attribute is empty
    • Element does not have inner text that is visible to screen readers
    • aria-label attribute does not exist or is empty
    • aria-labelledby attribute does not exist, references elements that do not exist or references elements that are empty or not visible
    • Element's default semantics were not overridden with role="presentation"
    • Element's default semantics were not overridden with role="none"
Fix all of the following:
    • Element is in tab order and does not have accessible text
]]>
      </failure>
    </testcase>
    <testcase classname="http://www.tjsp.jus.br.button-name" name="#_random_name_id_1497374913620,#player_uid_398855638_1 > .ytp-chrome-bottom > .ytp-chrome-controls > .ytp-right-controls > .ytp-fullscreen-button.ytp-button">
      <failure message="Buttons must have discernible text (https://dequeuniversity.com/rules/axe/2.2/button-name?application=webdriverjs)&#xA;">
        <![CDATA[Target: #_random_name_id_1497374913620,#player_uid_398855638_1 > .ytp-chrome-bottom > .ytp-chrome-controls > .ytp-right-controls > .ytp-fullscreen-button.ytp-button

HTML: <button class="ytp-fullscreen-button ytp-button" aria-disabled="true" aria-haspopup="true">

Summary:
Fix any of the following:
    • Element has a value attribute and the value attribute is empty
    • Element has no value attribute or the value attribute is empty
    • Element does not have inner text that is visible to screen readers
    • aria-label attribute does not exist or is empty
    • aria-labelledby attribute does not exist, references elements that do not exist or references elements that are empty or not visible
    • Element's default semantics were not overridden with role="presentation"
    • Element's default semantics were not overridden with role="none"
Fix all of the following:
    • Element is in tab order and does not have accessible text
]]>
      </failure>
    </testcase>
    <testcase classname="http://www.tjsp.jus.br.button-name" name="#_random_name_id_1497374913953,#player_uid_985527158_1 > .ytp-chrome-bottom > .ytp-chrome-controls > .ytp-right-controls > .ytp-fullscreen-button.ytp-button">
      <failure message="Buttons must have discernible text (https://dequeuniversity.com/rules/axe/2.2/button-name?application=webdriverjs)&#xA;">
        <![CDATA[Target: #_random_name_id_1497374913953,#player_uid_985527158_1 > .ytp-chrome-bottom > .ytp-chrome-controls > .ytp-right-controls > .ytp-fullscreen-button.ytp-button

HTML: <button class="ytp-fullscreen-button ytp-button" aria-disabled="true" aria-haspopup="true">

Summary:
Fix any of the following:
    • Element has a value attribute and the value attribute is empty
    • Element has no value attribute or the value attribute is empty
    • Element does not have inner text that is visible to screen readers
    • aria-label attribute does not exist or is empty
    • aria-labelledby attribute does not exist, references elements that do not exist or references elements that are empty or not visible
    • Element's default semantics were not overridden with role="presentation"
    • Element's default semantics were not overridden with role="none"
Fix all of the following:
    • Element is in tab order and does not have accessible text
]]>
      </failure>
    </testcase>
    <testcase classname="http://www.tjsp.jus.br.color-contrast" name="body > .tj-header > .container > .row > .col-xs-12.col-md-8.tj-logo-reader > a > div > label">
      <failure message="Elements must have sufficient color contrast (https://dequeuniversity.com/rules/axe/2.2/color-contrast?application=webdriverjs)&#xA;">
        <![CDATA[Target: body > .tj-header > .container > .row > .col-xs-12.col-md-8.tj-logo-reader > a > div > label

HTML: <label style="">Tribunal de Justiça</label>

Summary:
Fix any of the following:
    • Element has insufficient color contrast of 3.68 (foreground color: #f44336, background color: #ffffff, font size: 12.8pt, font weight: bold)
    Related Nodes:
        ◦ body]]>
      </failure>
    </testcase>
    <testcase classname="http://www.tjsp.jus.br.color-contrast" name="#buscadorVert">
      <failure message="Elements must have sufficient color contrast (https://dequeuniversity.com/rules/axe/2.2/color-contrast?application=webdriverjs)&#xA;">
        <![CDATA[Target: #buscadorVert

HTML: <input id="buscadorVert" type="text" class="pull-right" placeholder="O que deseja pesquisar?" style="">

Summary:
Fix any of the following:
    • Element has insufficient color contrast of 1.6 (foreground color: #cccccc, background color: #ffffff, font size: 10.5pt, font weight: normal)
    Related Nodes:
        ◦ #buscadorVert]]>
      </failure>
    </testcase>
    <testcase classname="http://www.tjsp.jus.br.color-contrast" name="body > .container.body-content > .sec-consulta > .row > .col-md-12.theme-servicos > .title.title-consultaProc > span">
      <failure message="Elements must have sufficient color contrast (https://dequeuniversity.com/rules/axe/2.2/color-contrast?application=webdriverjs)&#xA;">
        <![CDATA[Target: body > .container.body-content > .sec-consulta > .row > .col-md-12.theme-servicos > .title.title-consultaProc > span

HTML: <span style="">CONSULTA PROCESSUAL</span>

Summary:
Fix any of the following:
    • Element has insufficient color contrast of 4.4 (foreground color: #e23430, background color: #ffffff, font size: 17.3pt, font weight: normal)
    Related Nodes:
        ◦ body]]>
      </failure>
    </testcase>
    <testcase classname="http://www.tjsp.jus.br.color-contrast" name="body > .container.body-content > .sec-consulta > .row > .col-md-12.theme-servicos > .title.title-consultaProc > a">
      <failure message="Elements must have sufficient color contrast (https://dequeuniversity.com/rules/axe/2.2/color-contrast?application=webdriverjs)&#xA;">
        <![CDATA[Target: body > .container.body-content > .sec-consulta > .row > .col-md-12.theme-servicos > .title.title-consultaProc > a

HTML: <a href="/Processos" style="">Dúvidas?</a>

Summary:
Fix any of the following:
    • Element has insufficient color contrast of 4.4 (foreground color: #e23430, background color: #ffffff, font size: 9.8pt, font weight: normal)
    Related Nodes:
        ◦ body]]>
      </failure>
    </testcase>
    <testcase classname="http://www.tjsp.jus.br.color-contrast" name="body > .container.body-content > section:nth-of-type(2) > .row > .col-md-8.col-xs-12.theme-noticias > .title.title-noticias > span">
      <failure message="Elements must have sufficient color contrast (https://dequeuniversity.com/rules/axe/2.2/color-contrast?application=webdriverjs)&#xA;">
        <![CDATA[Target: body > .container.body-content > section:nth-of-type(2) > .row > .col-md-8.col-xs-12.theme-noticias > .title.title-noticias > span

HTML: <span style="">ÚLTIMAS NOTÍCIAS</span>

Summary:
Fix any of the following:
    • Element has insufficient color contrast of 3.12 (foreground color: #2196f3, background color: #ffffff, font size: 17.3pt, font weight: normal)
    Related Nodes:
        ◦ body]]>
      </failure>
    </testcase>
    <testcase classname="http://www.tjsp.jus.br.color-contrast" name="body > .container.body-content > section:nth-of-type(2) > .row > .col-md-8.col-xs-12.theme-noticias > .title.title-noticias > a">
      <failure message="Elements must have sufficient color contrast (https://dequeuniversity.com/rules/axe/2.2/color-contrast?application=webdriverjs)&#xA;">
        <![CDATA[Target: body > .container.body-content > section:nth-of-type(2) > .row > .col-md-8.col-xs-12.theme-noticias > .title.title-noticias > a

HTML: <a href="/Noticias" style="">Listar todas</a>

Summary:
Fix any of the following:
    • Element has insufficient color contrast of 3.12 (foreground color: #2196f3, background color: #ffffff, font size: 9.8pt, font weight: normal)
    Related Nodes:
        ◦ body]]>
      </failure>
    </testcase>
    <testcase classname="http://www.tjsp.jus.br.color-contrast" name="body > .container.body-content > section:nth-of-type(3) > .row > .col-md-12.theme-avisos > .title.title-divulgacao > span">
      <failure message="Elements must have sufficient color contrast (https://dequeuniversity.com/rules/axe/2.2/color-contrast?application=webdriverjs)&#xA;">
        <![CDATA[Target: body > .container.body-content > section:nth-of-type(3) > .row > .col-md-12.theme-avisos > .title.title-divulgacao > span

HTML: <span style="">DIVULGAÇÃO</span>

Summary:
Fix any of the following:
    • Element has insufficient color contrast of 2.08 (foreground color: #ff9d00, background color: #ffffff, font size: 17.3pt, font weight: normal)
    Related Nodes:
        ◦ body]]>
      </failure>
    </testcase>
    <testcase classname="http://www.tjsp.jus.br.empty-heading" name="#myCarousel > .carousel-inner.text-justify > .item.active > .carousel-caption > h4:nth-of-type(2)">
      <failure message="Headings must not be empty (https://dequeuniversity.com/rules/axe/2.2/empty-heading?application=webdriverjs)&#xA;">
        <![CDATA[Target: #myCarousel > .carousel-inner.text-justify > .item.active > .carousel-caption > h4:nth-of-type(2)

HTML: <h4>

Summary:
Fix any of the following:
    • Element does not have text that is visible to screen readers
    • Element's default semantics were not overridden with role="presentation"
    • Element's default semantics were not overridden with role="none"
]]>
      </failure>
    </testcase>
    <testcase classname="http://www.tjsp.jus.br.frame-title" name="#_random_name_id_1497374913255">
      <failure message="Frames must have title attribute (https://dequeuniversity.com/rules/axe/2.2/frame-title?application=webdriverjs)&#xA;">
        <![CDATA[Target: #_random_name_id_1497374913255

HTML: <iframe class="embed-responsive-item" src=" https://www.youtube.com/embed/LHmz8Qr2HPQ" name="_random_name_id_1497374913255" id="_random_name_id_1497374913255"></iframe>

Summary:
Fix any of the following:
    • aria-label attribute does not exist or is empty
    • aria-labelledby attribute does not exist, references elements that do not exist or references elements that are empty or not visible
    • Element has no title attribute or the title attribute is empty
    • Element's default semantics were not overridden with role="presentation"
    • Element's default semantics were not overridden with role="none"
]]>
      </failure>
    </testcase>
    <testcase classname="http://www.tjsp.jus.br.frame-title" name="#_random_name_id_1497374913620">
      <failure message="Frames must have title attribute (https://dequeuniversity.com/rules/axe/2.2/frame-title?application=webdriverjs)&#xA;">
        <![CDATA[Target: #_random_name_id_1497374913620

HTML: <iframe class="embed-responsive-item" src="https://www.youtube.com/embed/Cha6GHUmXQY" name="_random_name_id_1497374913620" id="_random_name_id_1497374913620"></iframe>

Summary:
Fix any of the following:
    • aria-label attribute does not exist or is empty
    • aria-labelledby attribute does not exist, references elements that do not exist or references elements that are empty or not visible
    • Element has no title attribute or the title attribute is empty
    • Element's default semantics were not overridden with role="presentation"
    • Element's default semantics were not overridden with role="none"
]]>
      </failure>
    </testcase>
    <testcase classname="http://www.tjsp.jus.br.frame-title" name="#_random_name_id_1497374913953">
      <failure message="Frames must have title attribute (https://dequeuniversity.com/rules/axe/2.2/frame-title?application=webdriverjs)&#xA;">
        <![CDATA[Target: #_random_name_id_1497374913953

HTML: <iframe class="embed-responsive-item" src="https://www.youtube.com/embed/CxOxTRMf-W4" name="_random_name_id_1497374913953" id="_random_name_id_1497374913953"></iframe>

Summary:
Fix any of the following:
    • aria-label attribute does not exist or is empty
    • aria-labelledby attribute does not exist, references elements that do not exist or references elements that are empty or not visible
    • Element has no title attribute or the title attribute is empty
    • Element's default semantics were not overridden with role="presentation"
    • Element's default semantics were not overridden with role="none"
]]>
      </failure>
    </testcase>
    <testcase classname="http://www.tjsp.jus.br.html-has-lang" name=".js.flexbox.flexboxlegacy.canvas.canvastext.no-webgl.touch.no-geolocation.postmessage.websqldatabase.indexeddb.hashchange.history.draganddrop.websockets.rgba.hsla.multiplebgs.backgroundsize.borderimage.borderradius.boxshadow.textshadow.opacity.cssanimations.csscolumns.cssgradients.cssreflections.csstransforms.csstransforms3d.csstransitions.fontface.generatedcontent.no-video.no-audio.localstorage.sessionstorage.webworkers.applicationcache.svg.inlinesvg.smil.svgclippaths">
      <failure message="&lt;html> element must have a lang attribute (https://dequeuniversity.com/rules/axe/2.2/html-has-lang?application=webdriverjs)&#xA;">
        <![CDATA[Target: .js.flexbox.flexboxlegacy.canvas.canvastext.no-webgl.touch.no-geolocation.postmessage.websqldatabase.indexeddb.hashchange.history.draganddrop.websockets.rgba.hsla.multiplebgs.backgroundsize.borderimage.borderradius.boxshadow.textshadow.opacity.cssanimations.csscolumns.cssgradients.cssreflections.csstransforms.csstransforms3d.csstransitions.fontface.generatedcontent.no-video.no-audio.localstorage.sessionstorage.webworkers.applicationcache.svg.inlinesvg.smil.svgclippaths

HTML: <html class=" js flexbox flexboxlegacy canvas canvastext no-webgl touch no-geolocation postmessage websqldatabase indexeddb hashchange history draganddrop websockets rgba hsla multiplebgs backgroundsize borderimage borderradius boxshadow textshadow opacity cssanimations csscolumns cssgradients cssreflections csstransforms csstransforms3d csstransitions fontface generatedcontent no-video no-audio localstorage sessionstorage webworkers applicationcache svg inlinesvg smil svgclippaths" style="">

Summary:
Fix any of the following:
    • The <html> element does not have a lang attribute
]]>
      </failure>
    </testcase>
    <testcase classname="http://www.tjsp.jus.br.image-alt" name="body > .tj-header > .container > .row > .col-xs-12.col-md-8.tj-logo-reader > a > img">
      <failure message="Images must have alternate text (https://dequeuniversity.com/rules/axe/2.2/image-alt?application=webdriverjs)&#xA;">
        <![CDATA[Target: body > .tj-header > .container > .row > .col-xs-12.col-md-8.tj-logo-reader > a > img

HTML: <img src="/Content/Imagens/logoTjsp.png">

Summary:
Fix any of the following:
    • Element does not have an alt attribute
    • aria-label attribute does not exist or is empty
    • aria-labelledby attribute does not exist, references elements that do not exist or references elements that are empty or not visible
    • Element has no title attribute or the title attribute is empty
    • Element's default semantics were not overridden with role="presentation"
    • Element's default semantics were not overridden with role="none"
]]>
      </failure>
    </testcase>
    <testcase classname="http://www.tjsp.jus.br.image-alt" name="body > .container.body-content > section:nth-of-type(3) > .row > .col-md-8 > .row > div:nth-of-type(1) > .banner-home > a > .img-responsive">
      <failure message="Images must have alternate text (https://dequeuniversity.com/rules/axe/2.2/image-alt?application=webdriverjs)&#xA;">
        <![CDATA[Target: body > .container.body-content > section:nth-of-type(3) > .row > .col-md-8 > .row > div:nth-of-type(1) > .banner-home > a > .img-responsive

HTML: <img class="img-responsive" src="/Content/Imagens/01_banner_consumidor.png">

Summary:
Fix any of the following:
    • Element does not have an alt attribute
    • aria-label attribute does not exist or is empty
    • aria-labelledby attribute does not exist, references elements that do not exist or references elements that are empty or not visible
    • Element has no title attribute or the title attribute is empty
    • Element's default semantics were not overridden with role="presentation"
    • Element's default semantics were not overridden with role="none"
]]>
      </failure>
    </testcase>
    <testcase classname="http://www.tjsp.jus.br.image-alt" name="body > .container.body-content > section:nth-of-type(3) > .row > .col-md-8 > .row > div:nth-of-type(2) > .banner-home > a > .img-responsive">
      <failure message="Images must have alternate text (https://dequeuniversity.com/rules/axe/2.2/image-alt?application=webdriverjs)&#xA;">
        <![CDATA[Target: body > .container.body-content > section:nth-of-type(3) > .row > .col-md-8 > .row > div:nth-of-type(2) > .banner-home > a > .img-responsive

HTML: <img class="img-responsive" src="http://www.tjsp.jus.br/DownLoad/Imagens/Banners/02_RelatorioGestao2016.png">

Summary:
Fix any of the following:
    • Element does not have an alt attribute
    • aria-label attribute does not exist or is empty
    • aria-labelledby attribute does not exist, references elements that do not exist or references elements that are empty or not visible
    • Element has no title attribute or the title attribute is empty
    • Element's default semantics were not overridden with role="presentation"
    • Element's default semantics were not overridden with role="none"
]]>
      </failure>
    </testcase>
    <testcase classname="http://www.tjsp.jus.br.image-alt" name="body > .container.body-content > section:nth-of-type(3) > .row > .col-md-8 > .row > div:nth-of-type(3) > .banner-home > a > .img-responsive">
      <failure message="Images must have alternate text (https://dequeuniversity.com/rules/axe/2.2/image-alt?application=webdriverjs)&#xA;">
        <![CDATA[Target: body > .container.body-content > section:nth-of-type(3) > .row > .col-md-8 > .row > div:nth-of-type(3) > .banner-home > a > .img-responsive

HTML: <img class="img-responsive" src="http://www.tjsp.jus.br/DownLoad/Imagens/Banners/03_banner_peticionamentoJEC.png">

Summary:
Fix any of the following:
    • Element does not have an alt attribute
    • aria-label attribute does not exist or is empty
    • aria-labelledby attribute does not exist, references elements that do not exist or references elements that are empty or not visible
    • Element has no title attribute or the title attribute is empty
    • Element's default semantics were not overridden with role="presentation"
    • Element's default semantics were not overridden with role="none"
]]>
      </failure>
    </testcase>
    <testcase classname="http://www.tjsp.jus.br.label" name="#buscadorVert">
      <failure message="Form elements must have labels (https://dequeuniversity.com/rules/axe/2.2/label?application=webdriverjs)&#xA;">
        <![CDATA[Target: #buscadorVert

HTML: <input id="buscadorVert" type="text" class="pull-right" placeholder="O que deseja pesquisar?" style="">

Summary:
Fix any of the following:
    • aria-label attribute does not exist or is empty
    • aria-labelledby attribute does not exist, references elements that do not exist or references elements that are empty or not visible
    • Form element does not have an implicit (wrapped) <label>
    • Form element does not have an explicit <label>
    • Element has no title attribute or the title attribute is empty
]]>
      </failure>
    </testcase>
    <testcase classname="http://www.tjsp.jus.br.label" name="#TipoPesquisa">
      <failure message="Form elements must have labels (https://dequeuniversity.com/rules/axe/2.2/label?application=webdriverjs)&#xA;">
        <![CDATA[Target: #TipoPesquisa

HTML: <select class="form-control tj-form-control TipoPesquisa" data-val="true" data-val-required="The TipoPesquisa field is required." id="TipoPesquisa" name="TipoPesquisa" placeholder="Selecione uma opção" style="">

Summary:
Fix any of the following:
    • aria-label attribute does not exist or is empty
    • aria-labelledby attribute does not exist, references elements that do not exist or references elements that are empty or not visible
    • Form element does not have an implicit (wrapped) <label>
    • Form element does not have an explicit <label>
    • Element has no title attribute or the title attribute is empty
]]>
      </failure>
    </testcase>
    <testcase classname="http://www.tjsp.jus.br.label" name="#Processo">
      <failure message="Form elements must have labels (https://dequeuniversity.com/rules/axe/2.2/label?application=webdriverjs)&#xA;">
        <![CDATA[Target: #Processo

HTML: <input id="Processo" name="Value" type="text" class="onlynumber tj-busca-proc form-control tj-form-control" placeholder="Digite o número do processo" maxlength="20" data-maxlength="25" style="">

Summary:
Fix any of the following:
    • aria-label attribute does not exist or is empty
    • aria-labelledby attribute does not exist, references elements that do not exist or references elements that are empty or not visible
    • Form element does not have an implicit (wrapped) <label>
    • Form element does not have an explicit <label>
    • Element has no title attribute or the title attribute is empty
]]>
      </failure>
    </testcase>
    <testcase classname="http://www.tjsp.jus.br.link-name" name="body > .tj-headerbar > .container > .tj-socialLinks.pull-right > a:nth-of-type(1)">
      <failure message="Links must have discernible text (https://dequeuniversity.com/rules/axe/2.2/link-name?application=webdriverjs)&#xA;">
        <![CDATA[Target: body > .tj-headerbar > .container > .tj-socialLinks.pull-right > a:nth-of-type(1)

HTML: <a target="_blank" href="http://twitter.com/tjspoficial"><i class="fa fa-twitter"></i></a>

Summary:
Fix any of the following:
    • Element does not have text that is visible to screen readers
    • aria-label attribute does not exist or is empty
    • aria-labelledby attribute does not exist, references elements that do not exist or references elements that are empty or not visible
    • Element's default semantics were not overridden with role="presentation"
    • Element's default semantics were not overridden with role="none"
Fix all of the following:
    • Element is in tab order and does not have accessible text
]]>
      </failure>
    </testcase>
    <testcase classname="http://www.tjsp.jus.br.link-name" name="body > .tj-headerbar > .container > .tj-socialLinks.pull-right > a:nth-of-type(2)">
      <failure message="Links must have discernible text (https://dequeuniversity.com/rules/axe/2.2/link-name?application=webdriverjs)&#xA;">
        <![CDATA[Target: body > .tj-headerbar > .container > .tj-socialLinks.pull-right > a:nth-of-type(2)

HTML: <a target="_blank" href="http://www.facebook.com/TJSPoficial"><i class="fa fa-facebook-square"></i></a>

Summary:
Fix any of the following:
    • Element does not have text that is visible to screen readers
    • aria-label attribute does not exist or is empty
    • aria-labelledby attribute does not exist, references elements that do not exist or references elements that are empty or not visible
    • Element's default semantics were not overridden with role="presentation"
    • Element's default semantics were not overridden with role="none"
Fix all of the following:
    • Element is in tab order and does not have accessible text
]]>
      </failure>
    </testcase>
    <testcase classname="http://www.tjsp.jus.br.link-name" name="body > .tj-headerbar > .container > .tj-socialLinks.pull-right > a:nth-of-type(3)">
      <failure message="Links must have discernible text (https://dequeuniversity.com/rules/axe/2.2/link-name?application=webdriverjs)&#xA;">
        <![CDATA[Target: body > .tj-headerbar > .container > .tj-socialLinks.pull-right > a:nth-of-type(3)

HTML: <a target="_blank" href="http://www.youtube.com/TJSPoficial"><i class="fa fa-youtube-play"></i></a>

Summary:
Fix any of the following:
    • Element does not have text that is visible to screen readers
    • aria-label attribute does not exist or is empty
    • aria-labelledby attribute does not exist, references elements that do not exist or references elements that are empty or not visible
    • Element's default semantics were not overridden with role="presentation"
    • Element's default semantics were not overridden with role="none"
Fix all of the following:
    • Element is in tab order and does not have accessible text
]]>
      </failure>
    </testcase>
    <testcase classname="http://www.tjsp.jus.br.link-name" name="body > .tj-headerbar > .container > .tj-socialLinks.pull-right > a:nth-of-type(4)">
      <failure message="Links must have discernible text (https://dequeuniversity.com/rules/axe/2.2/link-name?application=webdriverjs)&#xA;">
        <![CDATA[Target: body > .tj-headerbar > .container > .tj-socialLinks.pull-right > a:nth-of-type(4)

HTML: <a target="_blank" href="http://www.flickr.com/photos/tjsp_oficial/sets/"><i class="fa fa-flickr"></i></a>

Summary:
Fix any of the following:
    • Element does not have text that is visible to screen readers
    • aria-label attribute does not exist or is empty
    • aria-labelledby attribute does not exist, references elements that do not exist or references elements that are empty or not visible
    • Element's default semantics were not overridden with role="presentation"
    • Element's default semantics were not overridden with role="none"
Fix all of the following:
    • Element is in tab order and does not have accessible text
]]>
      </failure>
    </testcase>
    <testcase classname="http://www.tjsp.jus.br.link-name" name="body > .tj-headerbar > .container > .tj-socialLinks.pull-right > a:nth-of-type(5)">
      <failure message="Links must have discernible text (https://dequeuniversity.com/rules/axe/2.2/link-name?application=webdriverjs)&#xA;">
        <![CDATA[Target: body > .tj-headerbar > .container > .tj-socialLinks.pull-right > a:nth-of-type(5)

HTML: <a target="_blank" href="http://www.foursquare.com/tjspoficial"><i class="fa fa-foursquare"></i></a>

Summary:
Fix any of the following:
    • Element does not have text that is visible to screen readers
    • aria-label attribute does not exist or is empty
    • aria-labelledby attribute does not exist, references elements that do not exist or references elements that are empty or not visible
    • Element's default semantics were not overridden with role="presentation"
    • Element's default semantics were not overridden with role="none"
Fix all of the following:
    • Element is in tab order and does not have accessible text
]]>
      </failure>
    </testcase>
    <testcase classname="http://www.tjsp.jus.br.link-name" name="body > .tj-headerbar > .container > .tj-socialLinks.pull-right > a:nth-of-type(6)">
      <failure message="Links must have discernible text (https://dequeuniversity.com/rules/axe/2.2/link-name?application=webdriverjs)&#xA;">
        <![CDATA[Target: body > .tj-headerbar > .container > .tj-socialLinks.pull-right > a:nth-of-type(6)

HTML: <a target="_blank" href="http://www.instagram.com/tjspoficial"><i class="fa fa-instagram"></i></a>

Summary:
Fix any of the following:
    • Element does not have text that is visible to screen readers
    • aria-label attribute does not exist or is empty
    • aria-labelledby attribute does not exist, references elements that do not exist or references elements that are empty or not visible
    • Element's default semantics were not overridden with role="presentation"
    • Element's default semantics were not overridden with role="none"
Fix all of the following:
    • Element is in tab order and does not have accessible text
]]>
      </failure>
    </testcase>
    <testcase classname="http://www.tjsp.jus.br.link-name" name="body > .tj-headerbar > .container > .tj-ajudaLinks-mobile.pull-left.visible-xs > a:nth-of-type(1)">
      <failure message="Links must have discernible text (https://dequeuniversity.com/rules/axe/2.2/link-name?application=webdriverjs)&#xA;">
        <![CDATA[Target: body > .tj-headerbar > .container > .tj-ajudaLinks-mobile.pull-left.visible-xs > a:nth-of-type(1)

HTML: <a target="_blank" href="https://correio.tjsp.jus.br/"><i class="fa fa-envelope"></i></a>

Summary:
Fix any of the following:
    • Element does not have text that is visible to screen readers
    • aria-label attribute does not exist or is empty
    • aria-labelledby attribute does not exist, references elements that do not exist or references elements that are empty or not visible
    • Element's default semantics were not overridden with role="presentation"
    • Element's default semantics were not overridden with role="none"
Fix all of the following:
    • Element is in tab order and does not have accessible text
]]>
      </failure>
    </testcase>
    <testcase classname="http://www.tjsp.jus.br.link-name" name="body > .tj-headerbar > .container > .tj-ajudaLinks-mobile.pull-left.visible-xs > a:nth-of-type(2)">
      <failure message="Links must have discernible text (https://dequeuniversity.com/rules/axe/2.2/link-name?application=webdriverjs)&#xA;">
        <![CDATA[Target: body > .tj-headerbar > .container > .tj-ajudaLinks-mobile.pull-left.visible-xs > a:nth-of-type(2)

HTML: <a href="/Links/PublicoInterno"><i class="fa fa-sign-in"></i></a>

Summary:
Fix any of the following:
    • Element does not have text that is visible to screen readers
    • aria-label attribute does not exist or is empty
    • aria-labelledby attribute does not exist, references elements that do not exist or references elements that are empty or not visible
    • Element's default semantics were not overridden with role="presentation"
    • Element's default semantics were not overridden with role="none"
Fix all of the following:
    • Element is in tab order and does not have accessible text
]]>
      </failure>
    </testcase>
    <testcase classname="http://www.tjsp.jus.br.link-name" name="#btnbuscadorVert">
      <failure message="Links must have discernible text (https://dequeuniversity.com/rules/axe/2.2/link-name?application=webdriverjs)&#xA;">
        <![CDATA[Target: #btnbuscadorVert

HTML: <a id="btnbuscadorVert" href="#"><i class="fa fa-search"></i></a>

Summary:
Fix any of the following:
    • Element does not have text that is visible to screen readers
    • aria-label attribute does not exist or is empty
    • aria-labelledby attribute does not exist, references elements that do not exist or references elements that are empty or not visible
    • Element's default semantics were not overridden with role="presentation"
    • Element's default semantics were not overridden with role="none"
Fix all of the following:
    • Element is in tab order and does not have accessible text
]]>
      </failure>
    </testcase>
    <testcase classname="http://www.tjsp.jus.br.link-name" name="#myCarousel > .carousel-inner.text-justify > a:nth-of-type(1)">
      <failure message="Links must have discernible text (https://dequeuniversity.com/rules/axe/2.2/link-name?application=webdriverjs)&#xA;">
        <![CDATA[Target: #myCarousel > .carousel-inner.text-justify > a:nth-of-type(1)

HTML: <a href="/Noticias/Noticia?codigoNoticia=44843">
                        </a>

Summary:
Fix any of the following:
    • Element does not have text that is visible to screen readers
    • aria-label attribute does not exist or is empty
    • aria-labelledby attribute does not exist, references elements that do not exist or references elements that are empty or not visible
    • Element's default semantics were not overridden with role="presentation"
    • Element's default semantics were not overridden with role="none"
Fix all of the following:
    • Element is in tab order and does not have accessible text
]]>
      </failure>
    </testcase>
    <testcase classname="http://www.tjsp.jus.br.link-name" name="#myCarousel > .carousel-inner.text-justify > a:nth-of-type(2)">
      <failure message="Links must have discernible text (https://dequeuniversity.com/rules/axe/2.2/link-name?application=webdriverjs)&#xA;">
        <![CDATA[Target: #myCarousel > .carousel-inner.text-justify > a:nth-of-type(2)

HTML: <a href="/Noticias/Noticia?codigoNoticia=44851">
                        </a>

Summary:
Fix any of the following:
    • Element does not have text that is visible to screen readers
    • aria-label attribute does not exist or is empty
    • aria-labelledby attribute does not exist, references elements that do not exist or references elements that are empty or not visible
    • Element's default semantics were not overridden with role="presentation"
    • Element's default semantics were not overridden with role="none"
Fix all of the following:
    • Element is in tab order and does not have accessible text
]]>
      </failure>
    </testcase>
    <testcase classname="http://www.tjsp.jus.br.link-name" name="#myCarousel > .carousel-inner.text-justify > a:nth-of-type(3)">
      <failure message="Links must have discernible text (https://dequeuniversity.com/rules/axe/2.2/link-name?application=webdriverjs)&#xA;">
        <![CDATA[Target: #myCarousel > .carousel-inner.text-justify > a:nth-of-type(3)

HTML: <a href="/Noticias/Noticia?codigoNoticia=44842">
                        </a>

Summary:
Fix any of the following:
    • Element does not have text that is visible to screen readers
    • aria-label attribute does not exist or is empty
    • aria-labelledby attribute does not exist, references elements that do not exist or references elements that are empty or not visible
    • Element's default semantics were not overridden with role="presentation"
    • Element's default semantics were not overridden with role="none"
Fix all of the following:
    • Element is in tab order and does not have accessible text
]]>
      </failure>
    </testcase>
    <testcase classname="http://www.tjsp.jus.br.link-name" name="#myCarousel > .carousel-inner.text-justify > a:nth-of-type(4)">
      <failure message="Links must have discernible text (https://dequeuniversity.com/rules/axe/2.2/link-name?application=webdriverjs)&#xA;">
        <![CDATA[Target: #myCarousel > .carousel-inner.text-justify > a:nth-of-type(4)

HTML: <a href="/Noticias/Noticia?codigoNoticia=44844">
                        </a>

Summary:
Fix any of the following:
    • Element does not have text that is visible to screen readers
    • aria-label attribute does not exist or is empty
    • aria-labelledby attribute does not exist, references elements that do not exist or references elements that are empty or not visible
    • Element's default semantics were not overridden with role="presentation"
    • Element's default semantics were not overridden with role="none"
Fix all of the following:
    • Element is in tab order and does not have accessible text
]]>
      </failure>
    </testcase>
    <testcase classname="http://www.tjsp.jus.br.link-name" name="#myCarousel > .carousel-inner.text-justify > .item.active > .carousel-caption > a">
      <failure message="Links must have discernible text (https://dequeuniversity.com/rules/axe/2.2/link-name?application=webdriverjs)&#xA;">
        <![CDATA[Target: #myCarousel > .carousel-inner.text-justify > .item.active > .carousel-caption > a

HTML: <a href="/Noticias/Noticia?codigoNoticia=44844">
                                </a>

Summary:
Fix any of the following:
    • Element does not have text that is visible to screen readers
    • aria-label attribute does not exist or is empty
    • aria-labelledby attribute does not exist, references elements that do not exist or references elements that are empty or not visible
    • Element's default semantics were not overridden with role="presentation"
    • Element's default semantics were not overridden with role="none"
Fix all of the following:
    • Element is in tab order and does not have accessible text
]]>
      </failure>
    </testcase>
    <testcase classname="http://www.tjsp.jus.br.link-name" name="#myCarousel > .carousel-inner.text-justify > .item.active > .carousel-caption > .hidden-sm.hidden-lg.hidden-md > a:nth-of-type(1)">
      <failure message="Links must have discernible text (https://dequeuniversity.com/rules/axe/2.2/link-name?application=webdriverjs)&#xA;">
        <![CDATA[Target: #myCarousel > .carousel-inner.text-justify > .item.active > .carousel-caption > .hidden-sm.hidden-lg.hidden-md > a:nth-of-type(1)

HTML: <a href="/Noticias/Noticia?codigoNoticia=44844">
                                    </a>

Summary:
Fix any of the following:
    • Element does not have text that is visible to screen readers
    • aria-label attribute does not exist or is empty
    • aria-labelledby attribute does not exist, references elements that do not exist or references elements that are empty or not visible
    • Element's default semantics were not overridden with role="presentation"
    • Element's default semantics were not overridden with role="none"
Fix all of the following:
    • Element is in tab order and does not have accessible text
]]>
      </failure>
    </testcase>
    <testcase classname="http://www.tjsp.jus.br.link-name" name="#myCarousel > .carousel-inner.text-justify > a:nth-of-type(5)">
      <failure message="Links must have discernible text (https://dequeuniversity.com/rules/axe/2.2/link-name?application=webdriverjs)&#xA;">
        <![CDATA[Target: #myCarousel > .carousel-inner.text-justify > a:nth-of-type(5)

HTML: <a href="/Noticias/Noticia?codigoNoticia=44847">
                        </a>

Summary:
Fix any of the following:
    • Element does not have text that is visible to screen readers
    • aria-label attribute does not exist or is empty
    • aria-labelledby attribute does not exist, references elements that do not exist or references elements that are empty or not visible
    • Element's default semantics were not overridden with role="presentation"
    • Element's default semantics were not overridden with role="none"
Fix all of the following:
    • Element is in tab order and does not have accessible text
]]>
      </failure>
    </testcase>
    <testcase classname="http://www.tjsp.jus.br.link-name" name="#myCarousel > .carousel-controls > .left.carousel-control">
      <failure message="Links must have discernible text (https://dequeuniversity.com/rules/axe/2.2/link-name?application=webdriverjs)&#xA;">
        <![CDATA[Target: #myCarousel > .carousel-controls > .left.carousel-control

HTML: <a class="left carousel-control" href="#myCarousel" data-slide="prev">
                <span class="glyphicon glyphicon-chevron-left"></span>
            </a>

Summary:
Fix any of the following:
    • Element does not have text that is visible to screen readers
    • aria-label attribute does not exist or is empty
    • aria-labelledby attribute does not exist, references elements that do not exist or references elements that are empty or not visible
    • Element's default semantics were not overridden with role="presentation"
    • Element's default semantics were not overridden with role="none"
Fix all of the following:
    • Element is in tab order and does not have accessible text
]]>
      </failure>
    </testcase>
    <testcase classname="http://www.tjsp.jus.br.link-name" name="#myCarousel > .carousel-controls > .right.carousel-control">
      <failure message="Links must have discernible text (https://dequeuniversity.com/rules/axe/2.2/link-name?application=webdriverjs)&#xA;">
        <![CDATA[Target: #myCarousel > .carousel-controls > .right.carousel-control

HTML: <a class="right carousel-control" href="#myCarousel" data-slide="next">
                <span class="glyphicon glyphicon-chevron-right"></span>
            </a>

Summary:
Fix any of the following:
    • Element does not have text that is visible to screen readers
    • aria-label attribute does not exist or is empty
    • aria-labelledby attribute does not exist, references elements that do not exist or references elements that are empty or not visible
    • Element's default semantics were not overridden with role="presentation"
    • Element's default semantics were not overridden with role="none"
Fix all of the following:
    • Element is in tab order and does not have accessible text
]]>
      </failure>
    </testcase>
    <testcase classname="http://www.tjsp.jus.br.link-name" name="body > .container.body-content > section:nth-of-type(3) > .row > .col-md-8 > .row > div:nth-of-type(1) > .banner-home > a">
      <failure message="Links must have discernible text (https://dequeuniversity.com/rules/axe/2.2/link-name?application=webdriverjs)&#xA;">
        <![CDATA[Target: body > .container.body-content > section:nth-of-type(3) > .row > .col-md-8 > .row > div:nth-of-type(1) > .banner-home > a

HTML: <a target="_blank" href="https://www.consumidor.gov.br">
                    <img class="img-responsive" src="/Content/Imagens/01_banner_consumidor.png">
                </a>

Summary:
Fix any of the following:
    • Element does not have text that is visible to screen readers
    • aria-label attribute does not exist or is empty
    • aria-labelledby attribute does not exist, references elements that do not exist or references elements that are empty or not visible
    • Element's default semantics were not overridden with role="presentation"
    • Element's default semantics were not overridden with role="none"
Fix all of the following:
    • Element is in tab order and does not have accessible text
]]>
      </failure>
    </testcase>
    <testcase classname="http://www.tjsp.jus.br.link-name" name="body > .container.body-content > section:nth-of-type(3) > .row > .col-md-8 > .row > div:nth-of-type(2) > .banner-home > a">
      <failure message="Links must have discernible text (https://dequeuniversity.com/rules/axe/2.2/link-name?application=webdriverjs)&#xA;">
        <![CDATA[Target: body > .container.body-content > section:nth-of-type(3) > .row > .col-md-8 > .row > div:nth-of-type(2) > .banner-home > a

HTML: <a target="_blank" href="https://issuu.com/tjspoficial/docs/relat__rio_de_gest__o_2016_-_p_issu">
                            <img class="img-responsive" src="http://www.tjsp.jus.br/DownLoad/Imagens/Banners/02_RelatorioGestao2016.png">
                        </a>

Summary:
Fix any of the following:
    • Element does not have text that is visible to screen readers
    • aria-label attribute does not exist or is empty
    • aria-labelledby attribute does not exist, references elements that do not exist or references elements that are empty or not visible
    • Element's default semantics were not overridden with role="presentation"
    • Element's default semantics were not overridden with role="none"
Fix all of the following:
    • Element is in tab order and does not have accessible text
]]>
      </failure>
    </testcase>
    <testcase classname="http://www.tjsp.jus.br.link-name" name="body > .container.body-content > section:nth-of-type(3) > .row > .col-md-8 > .row > div:nth-of-type(3) > .banner-home > a">
      <failure message="Links must have discernible text (https://dequeuniversity.com/rules/axe/2.2/link-name?application=webdriverjs)&#xA;">
        <![CDATA[Target: body > .container.body-content > section:nth-of-type(3) > .row > .col-md-8 > .row > div:nth-of-type(3) > .banner-home > a

HTML: <a href="/PeticionamentoJEC">
                    <img class="img-responsive" src="http://www.tjsp.jus.br/DownLoad/Imagens/Banners/03_banner_peticionamentoJEC.png">
                </a>

Summary:
Fix any of the following:
    • Element does not have text that is visible to screen readers
    • aria-label attribute does not exist or is empty
    • aria-labelledby attribute does not exist, references elements that do not exist or references elements that are empty or not visible
    • Element's default semantics were not overridden with role="presentation"
    • Element's default semantics were not overridden with role="none"
Fix all of the following:
    • Element is in tab order and does not have accessible text
]]>
      </failure>
    </testcase>
    <testcase classname="http://www.tjsp.jus.br.aria-allowed-attr" name="#_random_name_id_1497374913255,#player_uid_203841059_1 > .ytp-chrome-top.ytp-share-button-visible > .ytp-chrome-top-buttons > .ytp-button.ytp-share-button"/>
    <testcase classname="http://www.tjsp.jus.br.aria-allowed-attr" name="#_random_name_id_1497374913255,#player_uid_203841059_1 > .ytp-chrome-bottom > .ytp-progress-bar-container > .ytp-progress-bar"/>
    <testcase classname="http://www.tjsp.jus.br.aria-allowed-attr" name="#_random_name_id_1497374913255,#player_uid_203841059_1 > .ytp-chrome-bottom > .ytp-chrome-controls > .ytp-left-controls > .ytp-play-button.ytp-button"/>
    <testcase classname="http://www.tjsp.jus.br.aria-allowed-attr" name="#_random_name_id_1497374913255,#player_uid_203841059_1 > .ytp-chrome-bottom > .ytp-chrome-controls > .ytp-left-controls > span > .ytp-volume-panel"/>
    <testcase classname="http://www.tjsp.jus.br.aria-allowed-attr" name="#_random_name_id_1497374913255,#player_uid_203841059_1 > .ytp-chrome-bottom > .ytp-chrome-controls > .ytp-right-controls > .ytp-fullscreen-button.ytp-button"/>
    <testcase classname="http://www.tjsp.jus.br.aria-allowed-attr" name="#_random_name_id_1497374913620,#player_uid_398855638_1 > .ytp-chrome-top.ytp-share-button-visible > .ytp-chrome-top-buttons > .ytp-button.ytp-share-button"/>
    <testcase classname="http://www.tjsp.jus.br.aria-allowed-attr" name="#_random_name_id_1497374913620,#player_uid_398855638_1 > .ytp-chrome-bottom > .ytp-progress-bar-container > .ytp-progress-bar"/>
    <testcase classname="http://www.tjsp.jus.br.aria-allowed-attr" name="#_random_name_id_1497374913620,#player_uid_398855638_1 > .ytp-chrome-bottom > .ytp-chrome-controls > .ytp-left-controls > .ytp-play-button.ytp-button"/>
    <testcase classname="http://www.tjsp.jus.br.aria-allowed-attr" name="#_random_name_id_1497374913620,#player_uid_398855638_1 > .ytp-chrome-bottom > .ytp-chrome-controls > .ytp-left-controls > span > .ytp-volume-panel"/>
    <testcase classname="http://www.tjsp.jus.br.aria-allowed-attr" name="#_random_name_id_1497374913620,#player_uid_398855638_1 > .ytp-chrome-bottom > .ytp-chrome-controls > .ytp-right-controls > .ytp-fullscreen-button.ytp-button"/>
    <testcase classname="http://www.tjsp.jus.br.aria-allowed-attr" name="#_random_name_id_1497374913953,#player_uid_985527158_1 > .ytp-chrome-top.ytp-share-button-visible > .ytp-chrome-top-buttons > .ytp-button.ytp-share-button"/>
    <testcase classname="http://www.tjsp.jus.br.aria-allowed-attr" name="#_random_name_id_1497374913953,#player_uid_985527158_1 > .ytp-chrome-bottom > .ytp-progress-bar-container > .ytp-progress-bar"/>
    <testcase classname="http://www.tjsp.jus.br.aria-allowed-attr" name="#_random_name_id_1497374913953,#player_uid_985527158_1 > .ytp-chrome-bottom > .ytp-chrome-controls > .ytp-left-controls > .ytp-play-button.ytp-button"/>
    <testcase classname="http://www.tjsp.jus.br.aria-allowed-attr" name="#_random_name_id_1497374913953,#player_uid_985527158_1 > .ytp-chrome-bottom > .ytp-chrome-controls > .ytp-left-controls > span > .ytp-volume-panel"/>
    <testcase classname="http://www.tjsp.jus.br.aria-allowed-attr" name="#_random_name_id_1497374913953,#player_uid_985527158_1 > .ytp-chrome-bottom > .ytp-chrome-controls > .ytp-right-controls > .ytp-fullscreen-button.ytp-button"/>
    <testcase classname="http://www.tjsp.jus.br.aria-required-attr" name="#carousel-banner > .carousel-inner"/>
    <testcase classname="http://www.tjsp.jus.br.aria-required-attr" name="#carousel-banner > .carousel-inner > .left.carousel-control"/>
    <testcase classname="http://www.tjsp.jus.br.aria-required-attr" name="#carousel-banner > .carousel-inner > .right.carousel-control"/>
    <testcase classname="http://www.tjsp.jus.br.aria-required-attr" name="#_random_name_id_1497374913255,#player_uid_203841059_1 > .ytp-error"/>
    <testcase classname="http://www.tjsp.jus.br.aria-required-attr" name="#_random_name_id_1497374913255,#player_uid_203841059_1 > .ytp-chrome-bottom > .ytp-progress-bar-container > .ytp-progress-bar"/>
    <testcase classname="http://www.tjsp.jus.br.aria-required-attr" name="#_random_name_id_1497374913255,#player_uid_203841059_1 > .ytp-chrome-bottom > .ytp-chrome-controls > .ytp-left-controls > span > .ytp-volume-panel"/>
    <testcase classname="http://www.tjsp.jus.br.aria-required-attr" name="#_random_name_id_1497374913620,#player_uid_398855638_1 > .ytp-error"/>
    <testcase classname="http://www.tjsp.jus.br.aria-required-attr" name="#_random_name_id_1497374913620,#player_uid_398855638_1 > .ytp-chrome-bottom > .ytp-progress-bar-container > .ytp-progress-bar"/>
    <testcase classname="http://www.tjsp.jus.br.aria-required-attr" name="#_random_name_id_1497374913620,#player_uid_398855638_1 > .ytp-chrome-bottom > .ytp-chrome-controls > .ytp-left-controls > span > .ytp-volume-panel"/>
    <testcase classname="http://www.tjsp.jus.br.aria-required-attr" name="#_random_name_id_1497374913953,#player_uid_985527158_1 > .ytp-error"/>
    <testcase classname="http://www.tjsp.jus.br.aria-required-attr" name="#_random_name_id_1497374913953,#player_uid_985527158_1 > .ytp-chrome-bottom > .ytp-progress-bar-container > .ytp-progress-bar"/>
    <testcase classname="http://www.tjsp.jus.br.aria-required-attr" name="#_random_name_id_1497374913953,#player_uid_985527158_1 > .ytp-chrome-bottom > .ytp-chrome-controls > .ytp-left-controls > span > .ytp-volume-panel"/>
    <testcase classname="http://www.tjsp.jus.br.aria-required-children" name="#carousel-banner > .carousel-inner > .left.carousel-control"/>
    <testcase classname="http://www.tjsp.jus.br.aria-required-children" name="#carousel-banner > .carousel-inner > .right.carousel-control"/>
    <testcase classname="http://www.tjsp.jus.br.aria-required-children" name="#_random_name_id_1497374913255,#player_uid_203841059_1 > .ytp-error"/>
    <testcase classname="http://www.tjsp.jus.br.aria-required-children" name="#_random_name_id_1497374913255,#player_uid_203841059_1 > .ytp-chrome-bottom > .ytp-progress-bar-container > .ytp-progress-bar"/>
    <testcase classname="http://www.tjsp.jus.br.aria-required-children" name="#_random_name_id_1497374913255,#player_uid_203841059_1 > .ytp-chrome-bottom > .ytp-chrome-controls > .ytp-left-controls > span > .ytp-volume-panel"/>
    <testcase classname="http://www.tjsp.jus.br.aria-required-children" name="#_random_name_id_1497374913620,#player_uid_398855638_1 > .ytp-error"/>
    <testcase classname="http://www.tjsp.jus.br.aria-required-children" name="#_random_name_id_1497374913620,#player_uid_398855638_1 > .ytp-chrome-bottom > .ytp-progress-bar-container > .ytp-progress-bar"/>
    <testcase classname="http://www.tjsp.jus.br.aria-required-children" name="#_random_name_id_1497374913620,#player_uid_398855638_1 > .ytp-chrome-bottom > .ytp-chrome-controls > .ytp-left-controls > span > .ytp-volume-panel"/>
    <testcase classname="http://www.tjsp.jus.br.aria-required-children" name="#_random_name_id_1497374913953,#player_uid_985527158_1 > .ytp-error"/>
    <testcase classname="http://www.tjsp.jus.br.aria-required-children" name="#_random_name_id_1497374913953,#player_uid_985527158_1 > .ytp-chrome-bottom > .ytp-progress-bar-container > .ytp-progress-bar"/>
    <testcase classname="http://www.tjsp.jus.br.aria-required-children" name="#_random_name_id_1497374913953,#player_uid_985527158_1 > .ytp-chrome-bottom > .ytp-chrome-controls > .ytp-left-controls > span > .ytp-volume-panel"/>
    <testcase classname="http://www.tjsp.jus.br.aria-required-parent" name="#carousel-banner > .carousel-inner"/>
    <testcase classname="http://www.tjsp.jus.br.aria-required-parent" name="#carousel-banner > .carousel-inner > .left.carousel-control"/>
    <testcase classname="http://www.tjsp.jus.br.aria-required-parent" name="#carousel-banner > .carousel-inner > .right.carousel-control"/>
    <testcase classname="http://www.tjsp.jus.br.aria-required-parent" name="#_random_name_id_1497374913255,#player_uid_203841059_1 > .ytp-error"/>
    <testcase classname="http://www.tjsp.jus.br.aria-required-parent" name="#_random_name_id_1497374913255,#player_uid_203841059_1 > .ytp-chrome-bottom > .ytp-progress-bar-container > .ytp-progress-bar"/>
    <testcase classname="http://www.tjsp.jus.br.aria-required-parent" name="#_random_name_id_1497374913255,#player_uid_203841059_1 > .ytp-chrome-bottom > .ytp-chrome-controls > .ytp-left-controls > span > .ytp-volume-panel"/>
    <testcase classname="http://www.tjsp.jus.br.aria-required-parent" name="#_random_name_id_1497374913620,#player_uid_398855638_1 > .ytp-error"/>
    <testcase classname="http://www.tjsp.jus.br.aria-required-parent" name="#_random_name_id_1497374913620,#player_uid_398855638_1 > .ytp-chrome-bottom > .ytp-progress-bar-container > .ytp-progress-bar"/>
    <testcase classname="http://www.tjsp.jus.br.aria-required-parent" name="#_random_name_id_1497374913620,#player_uid_398855638_1 > .ytp-chrome-bottom > .ytp-chrome-controls > .ytp-left-controls > span > .ytp-volume-panel"/>
    <testcase classname="http://www.tjsp.jus.br.aria-required-parent" name="#_random_name_id_1497374913953,#player_uid_985527158_1 > .ytp-error"/>
    <testcase classname="http://www.tjsp.jus.br.aria-required-parent" name="#_random_name_id_1497374913953,#player_uid_985527158_1 > .ytp-chrome-bottom > .ytp-progress-bar-container > .ytp-progress-bar"/>
    <testcase classname="http://www.tjsp.jus.br.aria-required-parent" name="#_random_name_id_1497374913953,#player_uid_985527158_1 > .ytp-chrome-bottom > .ytp-chrome-controls > .ytp-left-controls > span > .ytp-volume-panel"/>
    <testcase classname="http://www.tjsp.jus.br.aria-roles" name="#carousel-banner > .carousel-inner"/>
    <testcase classname="http://www.tjsp.jus.br.aria-roles" name="#carousel-banner > .carousel-inner > .left.carousel-control"/>
    <testcase classname="http://www.tjsp.jus.br.aria-roles" name="#carousel-banner > .carousel-inner > .right.carousel-control"/>
    <testcase classname="http://www.tjsp.jus.br.aria-roles" name="#_random_name_id_1497374913255,#player_uid_203841059_1 > .ytp-error"/>
    <testcase classname="http://www.tjsp.jus.br.aria-roles" name="#_random_name_id_1497374913255,#player_uid_203841059_1 > .ytp-chrome-bottom > .ytp-progress-bar-container > .ytp-progress-bar"/>
    <testcase classname="http://www.tjsp.jus.br.aria-roles" name="#_random_name_id_1497374913255,#player_uid_203841059_1 > .ytp-chrome-bottom > .ytp-chrome-controls > .ytp-left-controls > span > .ytp-volume-panel"/>
    <testcase classname="http://www.tjsp.jus.br.aria-roles" name="#_random_name_id_1497374913620,#player_uid_398855638_1 > .ytp-error"/>
    <testcase classname="http://www.tjsp.jus.br.aria-roles" name="#_random_name_id_1497374913620,#player_uid_398855638_1 > .ytp-chrome-bottom > .ytp-progress-bar-container > .ytp-progress-bar"/>
    <testcase classname="http://www.tjsp.jus.br.aria-roles" name="#_random_name_id_1497374913620,#player_uid_398855638_1 > .ytp-chrome-bottom > .ytp-chrome-controls > .ytp-left-controls > span > .ytp-volume-panel"/>
    <testcase classname="http://www.tjsp.jus.br.aria-roles" name="#_random_name_id_1497374913953,#player_uid_985527158_1 > .ytp-error"/>
    <testcase classname="http://www.tjsp.jus.br.aria-roles" name="#_random_name_id_1497374913953,#player_uid_985527158_1 > .ytp-chrome-bottom > .ytp-progress-bar-container > .ytp-progress-bar"/>
    <testcase classname="http://www.tjsp.jus.br.aria-roles" name="#_random_name_id_1497374913953,#player_uid_985527158_1 > .ytp-chrome-bottom > .ytp-chrome-controls > .ytp-left-controls > span > .ytp-volume-panel"/>
    <testcase classname="http://www.tjsp.jus.br.aria-valid-attr-value" name="#_random_name_id_1497374913255,#player_uid_203841059_1"/>
    <testcase classname="http://www.tjsp.jus.br.aria-valid-attr-value" name="#_random_name_id_1497374913255,#player_uid_203841059_1 > .ytp-chrome-top.ytp-share-button-visible > .ytp-chrome-top-buttons > .ytp-button.ytp-share-button"/>
    <testcase classname="http://www.tjsp.jus.br.aria-valid-attr-value" name="#_random_name_id_1497374913255,#player_uid_203841059_1 > .ytp-paid-content-overlay"/>
    <testcase classname="http://www.tjsp.jus.br.aria-valid-attr-value" name="#_random_name_id_1497374913255,#player_uid_203841059_1 > .ytp-chrome-bottom > .ytp-progress-bar-container > .ytp-progress-bar"/>
    <testcase classname="http://www.tjsp.jus.br.aria-valid-attr-value" name="#_random_name_id_1497374913255,#player_uid_203841059_1 > .ytp-chrome-bottom > .ytp-chrome-controls > .ytp-left-controls > .ytp-play-button.ytp-button"/>
    <testcase classname="http://www.tjsp.jus.br.aria-valid-attr-value" name="#_random_name_id_1497374913255,#player_uid_203841059_1 > .ytp-chrome-bottom > .ytp-chrome-controls > .ytp-left-controls > span > .ytp-volume-panel"/>
    <testcase classname="http://www.tjsp.jus.br.aria-valid-attr-value" name="#_random_name_id_1497374913255,#player_uid_203841059_1 > .ytp-chrome-bottom > .ytp-chrome-controls > .ytp-right-controls > .ytp-fullscreen-button.ytp-button"/>
    <testcase classname="http://www.tjsp.jus.br.aria-valid-attr-value" name="#_random_name_id_1497374913620,#player_uid_398855638_1"/>
    <testcase classname="http://www.tjsp.jus.br.aria-valid-attr-value" name="#_random_name_id_1497374913620,#player_uid_398855638_1 > .ytp-chrome-top.ytp-share-button-visible > .ytp-chrome-top-buttons > .ytp-button.ytp-share-button"/>
    <testcase classname="http://www.tjsp.jus.br.aria-valid-attr-value" name="#_random_name_id_1497374913620,#player_uid_398855638_1 > .ytp-paid-content-overlay"/>
    <testcase classname="http://www.tjsp.jus.br.aria-valid-attr-value" name="#_random_name_id_1497374913620,#player_uid_398855638_1 > .ytp-chrome-bottom > .ytp-progress-bar-container > .ytp-progress-bar"/>
    <testcase classname="http://www.tjsp.jus.br.aria-valid-attr-value" name="#_random_name_id_1497374913620,#player_uid_398855638_1 > .ytp-chrome-bottom > .ytp-chrome-controls > .ytp-left-controls > .ytp-play-button.ytp-button"/>
    <testcase classname="http://www.tjsp.jus.br.aria-valid-attr-value" name="#_random_name_id_1497374913620,#player_uid_398855638_1 > .ytp-chrome-bottom > .ytp-chrome-controls > .ytp-left-controls > span > .ytp-volume-panel"/>
    <testcase classname="http://www.tjsp.jus.br.aria-valid-attr-value" name="#_random_name_id_1497374913620,#player_uid_398855638_1 > .ytp-chrome-bottom > .ytp-chrome-controls > .ytp-right-controls > .ytp-fullscreen-button.ytp-button"/>
    <testcase classname="http://www.tjsp.jus.br.aria-valid-attr-value" name="#_random_name_id_1497374913953,#player_uid_985527158_1"/>
    <testcase classname="http://www.tjsp.jus.br.aria-valid-attr-value" name="#_random_name_id_1497374913953,#player_uid_985527158_1 > .ytp-chrome-top.ytp-share-button-visible > .ytp-chrome-top-buttons > .ytp-button.ytp-share-button"/>
    <testcase classname="http://www.tjsp.jus.br.aria-valid-attr-value" name="#_random_name_id_1497374913953,#player_uid_985527158_1 > .ytp-paid-content-overlay"/>
    <testcase classname="http://www.tjsp.jus.br.aria-valid-attr-value" name="#_random_name_id_1497374913953,#player_uid_985527158_1 > .ytp-chrome-bottom > .ytp-progress-bar-container > .ytp-progress-bar"/>
    <testcase classname="http://www.tjsp.jus.br.aria-valid-attr-value" name="#_random_name_id_1497374913953,#player_uid_985527158_1 > .ytp-chrome-bottom > .ytp-chrome-controls > .ytp-left-controls > .ytp-play-button.ytp-button"/>
    <testcase classname="http://www.tjsp.jus.br.aria-valid-attr-value" name="#_random_name_id_1497374913953,#player_uid_985527158_1 > .ytp-chrome-bottom > .ytp-chrome-controls > .ytp-left-controls > span > .ytp-volume-panel"/>
    <testcase classname="http://www.tjsp.jus.br.aria-valid-attr-value" name="#_random_name_id_1497374913953,#player_uid_985527158_1 > .ytp-chrome-bottom > .ytp-chrome-controls > .ytp-right-controls > .ytp-fullscreen-button.ytp-button"/>
    <testcase classname="http://www.tjsp.jus.br.aria-valid-attr" name="#_random_name_id_1497374913255,#player_uid_203841059_1"/>
    <testcase classname="http://www.tjsp.jus.br.aria-valid-attr" name="#_random_name_id_1497374913255,#player_uid_203841059_1 > .ytp-chrome-top.ytp-share-button-visible > .ytp-chrome-top-buttons > .ytp-button.ytp-share-button"/>
    <testcase classname="http://www.tjsp.jus.br.aria-valid-attr" name="#_random_name_id_1497374913255,#player_uid_203841059_1 > .ytp-paid-content-overlay"/>
    <testcase classname="http://www.tjsp.jus.br.aria-valid-attr" name="#_random_name_id_1497374913255,#player_uid_203841059_1 > .ytp-chrome-bottom > .ytp-progress-bar-container > .ytp-progress-bar"/>
    <testcase classname="http://www.tjsp.jus.br.aria-valid-attr" name="#_random_name_id_1497374913255,#player_uid_203841059_1 > .ytp-chrome-bottom > .ytp-chrome-controls > .ytp-left-controls > .ytp-play-button.ytp-button"/>
    <testcase classname="http://www.tjsp.jus.br.aria-valid-attr" name="#_random_name_id_1497374913255,#player_uid_203841059_1 > .ytp-chrome-bottom > .ytp-chrome-controls > .ytp-left-controls > span > .ytp-volume-panel"/>
    <testcase classname="http://www.tjsp.jus.br.aria-valid-attr" name="#_random_name_id_1497374913255,#player_uid_203841059_1 > .ytp-chrome-bottom > .ytp-chrome-controls > .ytp-right-controls > .ytp-fullscreen-button.ytp-button"/>
    <testcase classname="http://www.tjsp.jus.br.aria-valid-attr" name="#_random_name_id_1497374913620,#player_uid_398855638_1"/>
    <testcase classname="http://www.tjsp.jus.br.aria-valid-attr" name="#_random_name_id_1497374913620,#player_uid_398855638_1 > .ytp-chrome-top.ytp-share-button-visible > .ytp-chrome-top-buttons > .ytp-button.ytp-share-button"/>
    <testcase classname="http://www.tjsp.jus.br.aria-valid-attr" name="#_random_name_id_1497374913620,#player_uid_398855638_1 > .ytp-paid-content-overlay"/>
    <testcase classname="http://www.tjsp.jus.br.aria-valid-attr" name="#_random_name_id_1497374913620,#player_uid_398855638_1 > .ytp-chrome-bottom > .ytp-progress-bar-container > .ytp-progress-bar"/>
    <testcase classname="http://www.tjsp.jus.br.aria-valid-attr" name="#_random_name_id_1497374913620,#player_uid_398855638_1 > .ytp-chrome-bottom > .ytp-chrome-controls > .ytp-left-controls > .ytp-play-button.ytp-button"/>
    <testcase classname="http://www.tjsp.jus.br.aria-valid-attr" name="#_random_name_id_1497374913620,#player_uid_398855638_1 > .ytp-chrome-bottom > .ytp-chrome-controls > .ytp-left-controls > span > .ytp-volume-panel"/>
    <testcase classname="http://www.tjsp.jus.br.aria-valid-attr" name="#_random_name_id_1497374913620,#player_uid_398855638_1 > .ytp-chrome-bottom > .ytp-chrome-controls > .ytp-right-controls > .ytp-fullscreen-button.ytp-button"/>
    <testcase classname="http://www.tjsp.jus.br.aria-valid-attr" name="#_random_name_id_1497374913953,#player_uid_985527158_1"/>
    <testcase classname="http://www.tjsp.jus.br.aria-valid-attr" name="#_random_name_id_1497374913953,#player_uid_985527158_1 > .ytp-chrome-top.ytp-share-button-visible > .ytp-chrome-top-buttons > .ytp-button.ytp-share-button"/>
    <testcase classname="http://www.tjsp.jus.br.aria-valid-attr" name="#_random_name_id_1497374913953,#player_uid_985527158_1 > .ytp-paid-content-overlay"/>
    <testcase classname="http://www.tjsp.jus.br.aria-valid-attr" name="#_random_name_id_1497374913953,#player_uid_985527158_1 > .ytp-chrome-bottom > .ytp-progress-bar-container > .ytp-progress-bar"/>
    <testcase classname="http://www.tjsp.jus.br.aria-valid-attr" name="#_random_name_id_1497374913953,#player_uid_985527158_1 > .ytp-chrome-bottom > .ytp-chrome-controls > .ytp-left-controls > .ytp-play-button.ytp-button"/>
    <testcase classname="http://www.tjsp.jus.br.aria-valid-attr" name="#_random_name_id_1497374913953,#player_uid_985527158_1 > .ytp-chrome-bottom > .ytp-chrome-controls > .ytp-left-controls > span > .ytp-volume-panel"/>
    <testcase classname="http://www.tjsp.jus.br.aria-valid-attr" name="#_random_name_id_1497374913953,#player_uid_985527158_1 > .ytp-chrome-bottom > .ytp-chrome-controls > .ytp-right-controls > .ytp-fullscreen-button.ytp-button"/>
    <testcase classname="http://www.tjsp.jus.br.button-name" name="#carousel-banner > .carousel-inner > .left.carousel-control"/>
    <testcase classname="http://www.tjsp.jus.br.button-name" name="#carousel-banner > .carousel-inner > .right.carousel-control"/>
    <testcase classname="http://www.tjsp.jus.br.button-name" name="#_random_name_id_1497374913255,#player_uid_203841059_1 > .ytp-chrome-top.ytp-share-button-visible > .ytp-chrome-top-buttons > .ytp-button.ytp-share-button"/>
    <testcase classname="http://www.tjsp.jus.br.button-name" name="#_random_name_id_1497374913255,#player_uid_203841059_1 > .ytp-chrome-bottom > .ytp-chrome-controls > .ytp-left-controls > .ytp-play-button.ytp-button"/>
    <testcase classname="http://www.tjsp.jus.br.button-name" name="#_random_name_id_1497374913255,#player_uid_203841059_1 > .ytp-chrome-bottom > .ytp-chrome-controls > .ytp-left-controls > span > .ytp-mute-button.ytp-button"/>
    <testcase classname="http://www.tjsp.jus.br.button-name" name="#_random_name_id_1497374913620,#player_uid_398855638_1 > .ytp-chrome-top.ytp-share-button-visible > .ytp-chrome-top-buttons > .ytp-button.ytp-share-button"/>
    <testcase classname="http://www.tjsp.jus.br.button-name" name="#_random_name_id_1497374913620,#player_uid_398855638_1 > .ytp-chrome-bottom > .ytp-chrome-controls > .ytp-left-controls > .ytp-play-button.ytp-button"/>
    <testcase classname="http://www.tjsp.jus.br.button-name" name="#_random_name_id_1497374913620,#player_uid_398855638_1 > .ytp-chrome-bottom > .ytp-chrome-controls > .ytp-left-controls > span > .ytp-mute-button.ytp-button"/>
    <testcase classname="http://www.tjsp.jus.br.button-name" name="#_random_name_id_1497374913953,#player_uid_985527158_1 > .ytp-chrome-top.ytp-share-button-visible > .ytp-chrome-top-buttons > .ytp-button.ytp-share-button"/>
    <testcase classname="http://www.tjsp.jus.br.button-name" name="#_random_name_id_1497374913953,#player_uid_985527158_1 > .ytp-chrome-bottom > .ytp-chrome-controls > .ytp-left-controls > .ytp-play-button.ytp-button"/>
    <testcase classname="http://www.tjsp.jus.br.button-name" name="#_random_name_id_1497374913953,#player_uid_985527158_1 > .ytp-chrome-bottom > .ytp-chrome-controls > .ytp-left-controls > span > .ytp-mute-button.ytp-button"/>
    <testcase classname="http://www.tjsp.jus.br.bypass" name=".js.flexbox.flexboxlegacy.canvas.canvastext.no-webgl.touch.no-geolocation.postmessage.websqldatabase.indexeddb.hashchange.history.draganddrop.websockets.rgba.hsla.multiplebgs.backgroundsize.borderimage.borderradius.boxshadow.textshadow.opacity.cssanimations.csscolumns.cssgradients.cssreflections.csstransforms.csstransforms3d.csstransitions.fontface.generatedcontent.no-video.no-audio.localstorage.sessionstorage.webworkers.applicationcache.svg.inlinesvg.smil.svgclippaths"/>
    <testcase classname="http://www.tjsp.jus.br.color-contrast" name="body > .tj-headerbar > .container > .tj-ajudaLinks-mobile.pull-left.visible-xs > span"/>
    <testcase classname="http://www.tjsp.jus.br.color-contrast" name="body > .tj-header > .container > .row > .col-xs-12.col-md-8.tj-logo-reader > a > div > text"/>
    <testcase classname="http://www.tjsp.jus.br.color-contrast" name="body > .tj-header > .container > .row > .visible-xs.col-xs-12.text-center > h3"/>
    <testcase classname="http://www.tjsp.jus.br.color-contrast" name="#TipoPesquisa"/>
    <testcase classname="http://www.tjsp.jus.br.color-contrast" name="#Processo"/>
    <testcase classname="http://www.tjsp.jus.br.color-contrast" name="body > .container.body-content > section:nth-of-type(2) > .row > .col-md-4.col-xs-12.theme-institucional > .title.title-servicos > span"/>
    <testcase classname="http://www.tjsp.jus.br.color-contrast" name="body > .container.body-content > section:nth-of-type(2) > .row > .col-md-4.col-xs-12.theme-institucional > .row.tj-noTxtDeco > a:nth-of-type(1) > .tj-panel.tj-panel-left-border.mb25.tj-panel-servicos.of-h > .p10 > h5"/>
    <testcase classname="http://www.tjsp.jus.br.color-contrast" name="body > .container.body-content > section:nth-of-type(2) > .row > .col-md-4.col-xs-12.theme-institucional > .row.tj-noTxtDeco > a:nth-of-type(2) > .tj-panel.tj-panel-left-border.mb25.tj-panel-servicos.of-h > .p10 > h5"/>
    <testcase classname="http://www.tjsp.jus.br.color-contrast" name="body > .container.body-content > section:nth-of-type(2) > .row > .col-md-4.col-xs-12.theme-institucional > .row.tj-noTxtDeco > a:nth-of-type(3) > .tj-panel.tj-panel-left-border.mb25.tj-panel-servicos.of-h > .p10 > h5"/>
    <testcase classname="http://www.tjsp.jus.br.color-contrast" name="body > .container.body-content > section:nth-of-type(2) > .row > .col-md-4.col-xs-12.theme-institucional > .row.tj-noTxtDeco > a:nth-of-type(4) > .tj-panel.tj-panel-left-border.mb25.tj-panel-servicos.of-h > .p10 > h5"/>
    <testcase classname="http://www.tjsp.jus.br.color-contrast" name="body > .container.body-content > section:nth-of-type(2) > .row > .col-md-4.col-xs-12.theme-institucional > .row.tj-noTxtDeco > a:nth-of-type(5) > .tj-panel.tj-panel-left-border.mb25.tj-panel-servicos.of-h > .p10 > h5"/>
    <testcase classname="http://www.tjsp.jus.br.color-contrast" name="body > .container.body-content > section:nth-of-type(2) > .row > .col-md-4.col-xs-12.theme-institucional > .row.tj-noTxtDeco > a:nth-of-type(6) > .tj-panel.tj-panel-left-border.mb25.tj-panel-servicos.of-h > .p10 > h5"/>
    <testcase classname="http://www.tjsp.jus.br.color-contrast" name="body > .container.body-content > section:nth-of-type(2) > .row > .col-md-4.col-xs-12.theme-institucional > .row.tj-noTxtDeco > .col-xs-6.linkDinamico > .tj-panel.tj-panel-left-border.tj-panel-servicos.of-h > .p10 > h5"/>
    <testcase classname="http://www.tjsp.jus.br.color-contrast" name="body > .container.body-content > section:nth-of-type(2) > .row > .col-md-4.col-xs-12.theme-institucional > .row.tj-noTxtDeco > a:nth-of-type(8) > .tj-panel.tj-panel-left-border.tj-panel-servicos.of-h > .p10 > h5"/>
    <testcase classname="http://www.tjsp.jus.br.color-contrast" name="body > .container.body-content > .sec-video > .row > .col-md-12.theme-publico > .title.title-videos > span"/>
    <testcase classname="http://www.tjsp.jus.br.color-contrast" name="body > .container.body-content > .sec-video > .row > .col-md-12.theme-publico > .title.title-videos > a"/>
    <testcase classname="http://www.tjsp.jus.br.color-contrast" name="body > .tj-footerbar > .container > .text-center.tj-mtop-30px"/>
    <testcase classname="http://www.tjsp.jus.br.color-contrast" name="body > .tj-footerbar > .container > p:nth-of-type(2)"/>
    <testcase classname="http://www.tjsp.jus.br.document-title" name=".js.flexbox.flexboxlegacy.canvas.canvastext.no-webgl.touch.no-geolocation.postmessage.websqldatabase.indexeddb.hashchange.history.draganddrop.websockets.rgba.hsla.multiplebgs.backgroundsize.borderimage.borderradius.boxshadow.textshadow.opacity.cssanimations.csscolumns.cssgradients.cssreflections.csstransforms.csstransforms3d.csstransitions.fontface.generatedcontent.no-video.no-audio.localstorage.sessionstorage.webworkers.applicationcache.svg.inlinesvg.smil.svgclippaths"/>
    <testcase classname="http://www.tjsp.jus.br.duplicate-id" name="#btnbuscadorVert"/>
    <testcase classname="http://www.tjsp.jus.br.duplicate-id" name="#buscadorVert"/>
    <testcase classname="http://www.tjsp.jus.br.duplicate-id" name="#navbar-checkbox"/>
    <testcase classname="http://www.tjsp.jus.br.duplicate-id" name="#form0"/>
    <testcase classname="http://www.tjsp.jus.br.duplicate-id" name="#TipoPesquisa"/>
    <testcase classname="http://www.tjsp.jus.br.duplicate-id" name="#Processo"/>
    <testcase classname="http://www.tjsp.jus.br.duplicate-id" name="#ConsultarProcessoButton"/>
    <testcase classname="http://www.tjsp.jus.br.duplicate-id" name="#sectionProcessos"/>
    <testcase classname="http://www.tjsp.jus.br.duplicate-id" name="#lblFecharProcesso"/>
    <testcase classname="http://www.tjsp.jus.br.duplicate-id" name="#myCarousel"/>
    <testcase classname="http://www.tjsp.jus.br.duplicate-id" name="#carousel-banner"/>
    <testcase classname="http://www.tjsp.jus.br.duplicate-id" name="#_random_name_id_1497374913255"/>
    <testcase classname="http://www.tjsp.jus.br.duplicate-id" name="#_random_name_id_1497374913620"/>
    <testcase classname="http://www.tjsp.jus.br.duplicate-id" name="#_random_name_id_1497374913953"/>
    <testcase classname="http://www.tjsp.jus.br.duplicate-id" name="#_random_name_id_1497374914321"/>
    <testcase classname="http://www.tjsp.jus.br.duplicate-id" name="#_random_name_id_1497374913255,#js-1124342058"/>
    <testcase classname="http://www.tjsp.jus.br.duplicate-id" name="#_random_name_id_1497374913255,#js-3836532708"/>
    <testcase classname="http://www.tjsp.jus.br.duplicate-id" name="#_random_name_id_1497374913255,html > .date-20170613.en_US.ltr.exp-responsive.exp-scrollable-guide.exp-search-big-thumbs.site-center-aligned.site-as-giant-card.webkit.webkit-538"/>
    <testcase classname="http://www.tjsp.jus.br.duplicate-id" name="#_random_name_id_1497374913255,#player"/>
    <testcase classname="http://www.tjsp.jus.br.duplicate-id" name="#_random_name_id_1497374913255,#player_uid_203841059_1"/>
    <testcase classname="http://www.tjsp.jus.br.duplicate-id" name="#_random_name_id_1497374913255,#ytp-svg-3"/>
    <testcase classname="http://www.tjsp.jus.br.duplicate-id" name="#_random_name_id_1497374913255,#ytp-svg-4"/>
    <testcase classname="http://www.tjsp.jus.br.duplicate-id" name="#_random_name_id_1497374913255,#ytp-svg-2"/>
    <testcase classname="http://www.tjsp.jus.br.duplicate-id" name="#_random_name_id_1497374913255,#ytp-svg-1"/>
    <testcase classname="http://www.tjsp.jus.br.duplicate-id" name="#_random_name_id_1497374913255,#ytp_playlist_menu"/>
    <testcase classname="http://www.tjsp.jus.br.duplicate-id" name="#_random_name_id_1497374913255,#ytp-share-panel"/>
    <testcase classname="http://www.tjsp.jus.br.duplicate-id" name="#_random_name_id_1497374913255,#ytp-share-panel-title"/>
    <testcase classname="http://www.tjsp.jus.br.duplicate-id" name="#_random_name_id_1497374913255,#ytp-svg-5"/>
    <testcase classname="http://www.tjsp.jus.br.duplicate-id" name="#_random_name_id_1497374913255,#ytp-svg-6"/>
    <testcase classname="http://www.tjsp.jus.br.duplicate-id" name="#_random_name_id_1497374913255,#ytp-svg-7"/>
    <testcase classname="http://www.tjsp.jus.br.duplicate-id" name="#_random_name_id_1497374913255,#ytp-svg-8"/>
    <testcase classname="http://www.tjsp.jus.br.duplicate-id" name="#_random_name_id_1497374913255,#ytp-svg-9"/>
    <testcase classname="http://www.tjsp.jus.br.duplicate-id" name="#_random_name_id_1497374913255,#ytp-svg-volume-animation-mask"/>
    <testcase classname="http://www.tjsp.jus.br.duplicate-id" name="#_random_name_id_1497374913255,#ytp-svg-volume-animation-slash-mask"/>
    <testcase classname="http://www.tjsp.jus.br.duplicate-id" name="#_random_name_id_1497374913255,#ytp-svg-11"/>
    <testcase classname="http://www.tjsp.jus.br.duplicate-id" name="#_random_name_id_1497374913255,#ytp-svg-12"/>
    <testcase classname="http://www.tjsp.jus.br.duplicate-id" name="#_random_name_id_1497374913255,#ytp-svg-13"/>
    <testcase classname="http://www.tjsp.jus.br.duplicate-id" name="#_random_name_id_1497374913255,#ytp-svg-14"/>
    <testcase classname="http://www.tjsp.jus.br.duplicate-id" name="#_random_name_id_1497374913255,#ytp-svg-15"/>
    <testcase classname="http://www.tjsp.jus.br.duplicate-id" name="#_random_name_id_1497374913255,#ytp-svg-16"/>
    <testcase classname="http://www.tjsp.jus.br.duplicate-id" name="#_random_name_id_1497374913255,#ytp-svg-17"/>
    <testcase classname="http://www.tjsp.jus.br.duplicate-id" name="#_random_name_id_1497374913255,#ytp-svg-18"/>
    <testcase classname="http://www.tjsp.jus.br.duplicate-id" name="#_random_name_id_1497374913255,#ytp-svg-19"/>
    <testcase classname="http://www.tjsp.jus.br.duplicate-id" name="#_random_name_id_1497374913255,#ytp-svg-20"/>
    <testcase classname="http://www.tjsp.jus.br.duplicate-id" name="#_random_name_id_1497374913255,#ytp-svg-21"/>
    <testcase classname="http://www.tjsp.jus.br.duplicate-id" name="#_random_name_id_1497374913255,#ytp-svg-22"/>
    <testcase classname="http://www.tjsp.jus.br.duplicate-id" name="#_random_name_id_1497374913620,#player_uid_398855638_1"/>
    <testcase classname="http://www.tjsp.jus.br.duplicate-id" name="#_random_name_id_1497374913953,#player_uid_985527158_1"/>
    <testcase classname="http://www.tjsp.jus.br.empty-heading" name="body > .tj-header > .container > .row > .visible-xs.col-xs-12.text-center > h3"/>
    <testcase classname="http://www.tjsp.jus.br.empty-heading" name="body > .container.body-content > .sec-consulta > .row > .col-md-12.theme-servicos > .title.title-consultaProc"/>
    <testcase classname="http://www.tjsp.jus.br.empty-heading" name="body > .container.body-content > section:nth-of-type(2) > .row > .col-md-8.col-xs-12.theme-noticias > .title.title-noticias"/>
[...]
    <testcase classname="http://www.tjsp.jus.br.image-redundant-alt" name="body > .tj-headerbar > .container > .tj-socialLinks.pull-right > a:nth-of-type(6)"/>
    <testcase classname="http://www.tjsp.jus.br.image-redundant-alt" name="body > .tj-headerbar > .container > .tj-ajudaLinks-mobile.pull-left.visible-xs > a:nth-of-type(1)"/>
    <testcase classname="http://www.tjsp.jus.br.image-redundant-alt" name="body > .tj-headerbar > .container > .tj-ajudaLinks-mobile.pull-left.visible-xs > a:nth-of-type(2)"/>
    <testcase classname="http://www.tjsp.jus.br.image-redundant-alt" name="body > .tj-header > .container > .row > .col-xs-12.col-md-8.tj-logo-reader > a"/>
    <testcase classname="http://www.tjsp.jus.br.image-redundant-alt" name="#btnbuscadorVert"/>
    <testcase classname="http://www.tjsp.jus.br.image-redundant-alt" name="body > .container.body-content > .sec-consulta > .row > .col-md-12.theme-servicos > .title.title-consultaProc > a"/>
    <testcase classname="http://www.tjsp.jus.br.image-redundant-alt" name="#ConsultarProcessoButton"/>
    <testcase classname="http://www.tjsp.jus.br.image-redundant-alt" name="body > .container.body-content > .sec-consulta > .row > div:nth-of-type(3) > .tj-panel-info > a"/>
    <testcase classname="http://www.tjsp.jus.br.image-redundant-alt" name="body > .container.body-content > .sec-consulta > .row > div:nth-of-type(4) > .tj-panel-info > a"/>
    <testcase classname="http://www.tjsp.jus.br.image-redundant-alt" name="body > .container.body-content > section:nth-of-type(2) > .row > .col-md-8.col-xs-12.theme-noticias > .title.title-noticias > a"/>
    <testcase classname="http://www.tjsp.jus.br.image-redundant-alt" name="#myCarousel > .carousel-inner.text-justify > a:nth-of-type(1)"/>
    <testcase classname="http://www.tjsp.jus.br.image-redundant-alt" name="#myCarousel > .carousel-inner.text-justify > a:nth-of-type(2)"/>
    <testcase classname="http://www.tjsp.jus.br.image-redundant-alt" name="#myCarousel > .carousel-inner.text-justify > a:nth-of-type(3)"/>
    <testcase classname="http://www.tjsp.jus.br.image-redundant-alt" name="#myCarousel > .carousel-inner.text-justify > a:nth-of-type(4)"/>
    <testcase classname="http://www.tjsp.jus.br.image-redundant-alt" name="#myCarousel > .carousel-inner.text-justify > .item.active > a"/>
    <testcase classname="http://www.tjsp.jus.br.image-redundant-alt" name="#myCarousel > .carousel-inner.text-justify > .item.active > .carousel-caption > a"/>
    <testcase classname="http://www.tjsp.jus.br.image-redundant-alt" name="#myCarousel > .carousel-inner.text-justify > .item.active > .carousel-caption > .hidden-sm.hidden-lg.hidden-md > a:nth-of-type(1)"/>
    <testcase classname="http://www.tjsp.jus.br.image-redundant-alt" name="#myCarousel > .carousel-inner.text-justify > .item.active > .carousel-caption > .hidden-sm.hidden-lg.hidden-md > a:nth-of-type(2)"/>
    <testcase classname="http://www.tjsp.jus.br.image-redundant-alt" name="#myCarousel > .carousel-inner.text-justify > a:nth-of-type(5)"/>
    <testcase classname="http://www.tjsp.jus.br.image-redundant-alt" name="#myCarousel > .carousel-controls > .left.carousel-control"/>
    <testcase classname="http://www.tjsp.jus.br.image-redundant-alt" name="#myCarousel > .carousel-controls > .right.carousel-control"/>
    <testcase classname="http://www.tjsp.jus.br.image-redundant-alt" name="body > .container.body-content > section:nth-of-type(2) > .row > .col-md-4.col-xs-12.theme-institucional > .row.tj-noTxtDeco > a:nth-of-type(1)"/>
    <testcase classname="http://www.tjsp.jus.br.image-redundant-alt" name="body > .container.body-content > section:nth-of-type(2) > .row > .col-md-4.col-xs-12.theme-institucional > .row.tj-noTxtDeco > a:nth-of-type(2)"/>
    <testcase classname="http://www.tjsp.jus.br.image-redundant-alt" name="body > .container.body-content > section:nth-of-type(2) > .row > .col-md-4.col-xs-12.theme-institucional > .row.tj-noTxtDeco > a:nth-of-type(3)"/>
    <testcase classname="http://www.tjsp.jus.br.image-redundant-alt" name="body > .container.body-content > section:nth-of-type(2) > .row > .col-md-4.col-xs-12.theme-institucional > .row.tj-noTxtDeco > a:nth-of-type(4)"/>
    <testcase classname="http://www.tjsp.jus.br.image-redundant-alt" name="body > .container.body-content > section:nth-of-type(2) > .row > .col-md-4.col-xs-12.theme-institucional > .row.tj-noTxtDeco > a:nth-of-type(5)"/>
    <testcase classname="http://www.tjsp.jus.br.image-redundant-alt" name="body > .container.body-content > section:nth-of-type(2) > .row > .col-md-4.col-xs-12.theme-institucional > .row.tj-noTxtDeco > a:nth-of-type(6)"/>
    <testcase classname="http://www.tjsp.jus.br.image-redundant-alt" name="body > .container.body-content > section:nth-of-type(2) > .row > .col-md-4.col-xs-12.theme-institucional > .row.tj-noTxtDeco > .col-xs-6.linkDinamico"/>
    <testcase classname="http://www.tjsp.jus.br.image-redundant-alt" name="body > .container.body-content > section:nth-of-type(2) > .row > .col-md-4.col-xs-12.theme-institucional > .row.tj-noTxtDeco > a:nth-of-type(8)"/>
    <testcase classname="http://www.tjsp.jus.br.image-redundant-alt" name="body > .container.body-content > section:nth-of-type(3) > .row > .col-md-8 > .row > div:nth-of-type(1) > .banner-home > a"/>
    <testcase classname="http://www.tjsp.jus.br.image-redundant-alt" name="body > .container.body-content > section:nth-of-type(3) > .row > .col-md-8 > .row > div:nth-of-type(2) > .banner-home > a"/>
    <testcase classname="http://www.tjsp.jus.br.image-redundant-alt" name="body > .container.body-content > section:nth-of-type(3) > .row > .col-md-8 > .row > div:nth-of-type(3) > .banner-home > a"/>
    <testcase classname="http://www.tjsp.jus.br.image-redundant-alt" name="body > .container.body-content > section:nth-of-type(3) > .row > .col-md-8 > .row > div:nth-of-type(4) > .banner-home > a"/>
    <testcase classname="http://www.tjsp.jus.br.image-redundant-alt" name="#carousel-banner > .carousel-inner > .item.active > a"/>
    <testcase classname="http://www.tjsp.jus.br.image-redundant-alt" name="#carousel-banner > .carousel-inner > .left.carousel-control"/>
    <testcase classname="http://www.tjsp.jus.br.image-redundant-alt" name="#carousel-banner > .carousel-inner > .right.carousel-control"/>
    <testcase classname="http://www.tjsp.jus.br.image-redundant-alt" name="body > .container.body-content > .sec-video > .row > .col-md-12.theme-publico > .title.title-videos > a"/>
    <testcase classname="http://www.tjsp.jus.br.image-redundant-alt" name="body > .tj-footerbar > .container > .text-center.tj-mtop-30px"/>
    <testcase classname="http://www.tjsp.jus.br.image-redundant-alt" name="body > .tj-footerbar > .container > p:nth-of-type(2)"/>
    <testcase classname="http://www.tjsp.jus.br.image-redundant-alt" name="#_random_name_id_1497374913255,#player_uid_203841059_1 > .ytp-chrome-top.ytp-share-button-visible > .ytp-title > .ytp-title-text > .ytp-title-link.yt-uix-sessionlink"/>
    <testcase classname="http://www.tjsp.jus.br.image-redundant-alt" name="#_random_name_id_1497374913255,#player_uid_203841059_1 > .ytp-chrome-top.ytp-share-button-visible > .ytp-chrome-top-buttons > .ytp-button.ytp-share-button"/>
    <testcase classname="http://www.tjsp.jus.br.image-redundant-alt" name="#_random_name_id_1497374913255,#player_uid_203841059_1 > .ytp-chrome-bottom > .ytp-chrome-controls > .ytp-left-controls > .ytp-play-button.ytp-button"/>
    <testcase classname="http://www.tjsp.jus.br.image-redundant-alt" name="#_random_name_id_1497374913255,#player_uid_203841059_1 > .ytp-chrome-bottom > .ytp-chrome-controls > .ytp-left-controls > span > .ytp-mute-button.ytp-button"/>
    <testcase classname="http://www.tjsp.jus.br.image-redundant-alt" name="#_random_name_id_1497374913255,#player_uid_203841059_1 > .ytp-chrome-bottom > .ytp-chrome-controls > .ytp-right-controls > .ytp-youtube-button.ytp-button.yt-uix-sessionlink"/>
    <testcase classname="http://www.tjsp.jus.br.image-redundant-alt" name="#_random_name_id_1497374913255,#player_uid_203841059_1 > .ytp-chrome-bottom > .ytp-chrome-controls > .ytp-right-controls > .ytp-fullscreen-button.ytp-button"/>
    <testcase classname="http://www.tjsp.jus.br.image-redundant-alt" name="#_random_name_id_1497374913620,#player_uid_398855638_1 > .ytp-chrome-top.ytp-share-button-visible > .ytp-title > .ytp-title-text > .ytp-title-link.yt-uix-sessionlink"/>
    <testcase classname="http://www.tjsp.jus.br.image-redundant-alt" name="#_random_name_id_1497374913620,#player_uid_398855638_1 > .ytp-chrome-top.ytp-share-button-visible > .ytp-chrome-top-buttons > .ytp-button.ytp-share-button"/>
    <testcase classname="http://www.tjsp.jus.br.image-redundant-alt" name="#_random_name_id_1497374913620,#player_uid_398855638_1 > .ytp-chrome-bottom > .ytp-chrome-controls > .ytp-left-controls > .ytp-play-button.ytp-button"/>
    <testcase classname="http://www.tjsp.jus.br.image-redundant-alt" name="#_random_name_id_1497374913620,#player_uid_398855638_1 > .ytp-chrome-bottom > .ytp-chrome-controls > .ytp-left-controls > span > .ytp-mute-button.ytp-button"/>
    <testcase classname="http://www.tjsp.jus.br.image-redundant-alt" name="#_random_name_id_1497374913620,#player_uid_398855638_1 > .ytp-chrome-bottom > .ytp-chrome-controls > .ytp-right-controls > .ytp-youtube-button.ytp-button.yt-uix-sessionlink"/>
    <testcase classname="http://www.tjsp.jus.br.image-redundant-alt" name="#_random_name_id_1497374913620,#player_uid_398855638_1 > .ytp-chrome-bottom > .ytp-chrome-controls > .ytp-right-controls > .ytp-fullscreen-button.ytp-button"/>
    <testcase classname="http://www.tjsp.jus.br.image-redundant-alt" name="#_random_name_id_1497374913953,#player_uid_985527158_1 > .ytp-chrome-top.ytp-share-button-visible > .ytp-title > .ytp-title-text > .ytp-title-link.yt-uix-sessionlink"/>
    <testcase classname="http://www.tjsp.jus.br.image-redundant-alt" name="#_random_name_id_1497374913953,#player_uid_985527158_1 > .ytp-chrome-top.ytp-share-button-visible > .ytp-chrome-top-buttons > .ytp-button.ytp-share-button"/>
    <testcase classname="http://www.tjsp.jus.br.image-redundant-alt" name="#_random_name_id_1497374913953,#player_uid_985527158_1 > .ytp-chrome-bottom > .ytp-chrome-controls > .ytp-left-controls > .ytp-play-button.ytp-button"/>
    <testcase classname="http://www.tjsp.jus.br.image-redundant-alt" name="#_random_name_id_1497374913953,#player_uid_985527158_1 > .ytp-chrome-bottom > .ytp-chrome-controls > .ytp-left-controls > span > .ytp-mute-button.ytp-button"/>
    <testcase classname="http://www.tjsp.jus.br.image-redundant-alt" name="#_random_name_id_1497374913953,#player_uid_985527158_1 > .ytp-chrome-bottom > .ytp-chrome-controls > .ytp-right-controls > .ytp-youtube-button.ytp-button.yt-uix-sessionlink"/>
    <testcase classname="http://www.tjsp.jus.br.image-redundant-alt" name="#_random_name_id_1497374913953,#player_uid_985527158_1 > .ytp-chrome-bottom > .ytp-chrome-controls > .ytp-right-controls > .ytp-fullscreen-button.ytp-button"/>
    <testcase classname="http://www.tjsp.jus.br.link-name" name="body > .tj-header > .container > .row > .col-xs-12.col-md-8.tj-logo-reader > a"/>
    <testcase classname="http://www.tjsp.jus.br.link-name" name="body > .container.body-content > .sec-consulta > .row > .col-md-12.theme-servicos > .title.title-consultaProc > a"/>
    <testcase classname="http://www.tjsp.jus.br.link-name" name="body > .container.body-content > .sec-consulta > .row > div:nth-of-type(3) > .tj-panel-info > a"/>
    <testcase classname="http://www.tjsp.jus.br.link-name" name="body > .container.body-content > .sec-consulta > .row > div:nth-of-type(4) > .tj-panel-info > a"/>
    <testcase classname="http://www.tjsp.jus.br.link-name" name="body > .container.body-content > section:nth-of-type(2) > .row > .col-md-8.col-xs-12.theme-noticias > .title.title-noticias > a"/>
    <testcase classname="http://www.tjsp.jus.br.link-name" name="#myCarousel > .carousel-inner.text-justify > .item.active > a"/>
    <testcase classname="http://www.tjsp.jus.br.link-name" name="#myCarousel > .carousel-inner.text-justify > .item.active > .carousel-caption > .hidden-sm.hidden-lg.hidden-md > a:nth-of-type(2)"/>
    <testcase classname="http://www.tjsp.jus.br.link-name" name="body > .container.body-content > section:nth-of-type(2) > .row > .col-md-4.col-xs-12.theme-institucional > .row.tj-noTxtDeco > a:nth-of-type(1)"/>
    <testcase classname="http://www.tjsp.jus.br.link-name" name="body > .container.body-content > section:nth-of-type(2) > .row > .col-md-4.col-xs-12.theme-institucional > .row.tj-noTxtDeco > a:nth-of-type(2)"/>
    <testcase classname="http://www.tjsp.jus.br.link-name" name="body > .container.body-content > section:nth-of-type(2) > .row > .col-md-4.col-xs-12.theme-institucional > .row.tj-noTxtDeco > a:nth-of-type(3)"/>
    <testcase classname="http://www.tjsp.jus.br.link-name" name="body > .container.body-content > section:nth-of-type(2) > .row > .col-md-4.col-xs-12.theme-institucional > .row.tj-noTxtDeco > a:nth-of-type(4)"/>
    <testcase classname="http://www.tjsp.jus.br.link-name" name="body > .container.body-content > section:nth-of-type(2) > .row > .col-md-4.col-xs-12.theme-institucional > .row.tj-noTxtDeco > a:nth-of-type(5)"/>
    <testcase classname="http://www.tjsp.jus.br.link-name" name="body > .container.body-content > section:nth-of-type(2) > .row > .col-md-4.col-xs-12.theme-institucional > .row.tj-noTxtDeco > a:nth-of-type(6)"/>
    <testcase classname="http://www.tjsp.jus.br.link-name" name="body > .container.body-content > section:nth-of-type(2) > .row > .col-md-4.col-xs-12.theme-institucional > .row.tj-noTxtDeco > .col-xs-6.linkDinamico"/>
    <testcase classname="http://www.tjsp.jus.br.link-name" name="body > .container.body-content > section:nth-of-type(2) > .row > .col-md-4.col-xs-12.theme-institucional > .row.tj-noTxtDeco > a:nth-of-type(8)"/>
    <testcase classname="http://www.tjsp.jus.br.link-name" name="body > .container.body-content > section:nth-of-type(3) > .row > .col-md-8 > .row > div:nth-of-type(4) > .banner-home > a"/>
    <testcase classname="http://www.tjsp.jus.br.link-name" name="#carousel-banner > .carousel-inner > .item.active > a"/>
    <testcase classname="http://www.tjsp.jus.br.link-name" name="body > .container.body-content > .sec-video > .row > .col-md-12.theme-publico > .title.title-videos > a"/>
    <testcase classname="http://www.tjsp.jus.br.link-name" name="#_random_name_id_1497374913255,#player_uid_203841059_1 > .ytp-chrome-top.ytp-share-button-visible > .ytp-title > .ytp-title-text > .ytp-title-link.yt-uix-sessionlink"/>
    <testcase classname="http://www.tjsp.jus.br.link-name" name="#_random_name_id_1497374913255,#player_uid_203841059_1 > .ytp-chrome-bottom > .ytp-chrome-controls > .ytp-right-controls > .ytp-youtube-button.ytp-button.yt-uix-sessionlink"/>
    <testcase classname="http://www.tjsp.jus.br.link-name" name="#_random_name_id_1497374913620,#player_uid_398855638_1 > .ytp-chrome-top.ytp-share-button-visible > .ytp-title > .ytp-title-text > .ytp-title-link.yt-uix-sessionlink"/>
    <testcase classname="http://www.tjsp.jus.br.link-name" name="#_random_name_id_1497374913620,#player_uid_398855638_1 > .ytp-chrome-bottom > .ytp-chrome-controls > .ytp-right-controls > .ytp-youtube-button.ytp-button.yt-uix-sessionlink"/>
    <testcase classname="http://www.tjsp.jus.br.link-name" name="#_random_name_id_1497374913953,#player_uid_985527158_1 > .ytp-chrome-top.ytp-share-button-visible > .ytp-title > .ytp-title-text > .ytp-title-link.yt-uix-sessionlink"/>
    <testcase classname="http://www.tjsp.jus.br.link-name" name="#_random_name_id_1497374913953,#player_uid_985527158_1 > .ytp-chrome-bottom > .ytp-chrome-controls > .ytp-right-controls > .ytp-youtube-button.ytp-button.yt-uix-sessionlink"/>
    <testcase classname="http://www.tjsp.jus.br.list" name="body > .tj-header > .container > .menu > ul"/>
    <testcase classname="http://www.tjsp.jus.br.meta-viewport-large" name=".js.flexbox.flexboxlegacy.canvas.canvastext.no-webgl.touch.no-geolocation.postmessage.websqldatabase.indexeddb.hashchange.history.draganddrop.websockets.rgba.hsla.multiplebgs.backgroundsize.borderimage.borderradius.boxshadow.textshadow.opacity.cssanimations.csscolumns.cssgradients.cssreflections.csstransforms.csstransforms3d.csstransitions.fontface.generatedcontent.no-video.no-audio.localstorage.sessionstorage.webworkers.applicationcache.svg.inlinesvg.smil.svgclippaths > head > meta:nth-of-type(2)"/>
    <testcase classname="http://www.tjsp.jus.br.meta-viewport-large" name="#_random_name_id_1497374913255,html > head > meta"/>
    <testcase classname="http://www.tjsp.jus.br.meta-viewport-large" name="#_random_name_id_1497374913620,html > head > meta"/>
    <testcase classname="http://www.tjsp.jus.br.meta-viewport-large" name="#_random_name_id_1497374913953,html > head > meta"/>
    <testcase classname="http://www.tjsp.jus.br.meta-viewport" name=".js.flexbox.flexboxlegacy.canvas.canvastext.no-webgl.touch.no-geolocation.postmessage.websqldatabase.indexeddb.hashchange.history.draganddrop.websockets.rgba.hsla.multiplebgs.backgroundsize.borderimage.borderradius.boxshadow.textshadow.opacity.cssanimations.csscolumns.cssgradients.cssreflections.csstransforms.csstransforms3d.csstransitions.fontface.generatedcontent.no-video.no-audio.localstorage.sessionstorage.webworkers.applicationcache.svg.inlinesvg.smil.svgclippaths > head > meta:nth-of-type(2)"/>
    <testcase classname="http://www.tjsp.jus.br.meta-viewport" name="#_random_name_id_1497374913255,html > head > meta"/>
    <testcase classname="http://www.tjsp.jus.br.meta-viewport" name="#_random_name_id_1497374913620,html > head > meta"/>
    <testcase classname="http://www.tjsp.jus.br.meta-viewport" name="#_random_name_id_1497374913953,html > head > meta"/>
    <testcase classname="http://www.tjsp.jus.br.tabindex" name="#_random_name_id_1497374913255,#player_uid_203841059_1"/>
    <testcase classname="http://www.tjsp.jus.br.tabindex" name="#_random_name_id_1497374913255,#player_uid_203841059_1 > .html5-video-container > .video-stream.html5-main-video"/>
    <testcase classname="http://www.tjsp.jus.br.tabindex" name="#_random_name_id_1497374913255,#player_uid_203841059_1 > .ytp-chrome-bottom > .ytp-progress-bar-container > .ytp-progress-bar"/>
    <testcase classname="http://www.tjsp.jus.br.tabindex" name="#_random_name_id_1497374913255,#player_uid_203841059_1 > .ytp-chrome-bottom > .ytp-chrome-controls > .ytp-left-controls > span > .ytp-volume-panel"/>
    <testcase classname="http://www.tjsp.jus.br.tabindex" name="#_random_name_id_1497374913620,#player_uid_398855638_1"/>
    <testcase classname="http://www.tjsp.jus.br.tabindex" name="#_random_name_id_1497374913620,#player_uid_398855638_1 > .html5-video-container > .video-stream.html5-main-video"/>
    <testcase classname="http://www.tjsp.jus.br.tabindex" name="#_random_name_id_1497374913620,#player_uid_398855638_1 > .ytp-chrome-bottom > .ytp-progress-bar-container > .ytp-progress-bar"/>
    <testcase classname="http://www.tjsp.jus.br.tabindex" name="#_random_name_id_1497374913620,#player_uid_398855638_1 > .ytp-chrome-bottom > .ytp-chrome-controls > .ytp-left-controls > span > .ytp-volume-panel"/>
    <testcase classname="http://www.tjsp.jus.br.tabindex" name="#_random_name_id_1497374913953,#player_uid_985527158_1"/>
    <testcase classname="http://www.tjsp.jus.br.tabindex" name="#_random_name_id_1497374913953,#player_uid_985527158_1 > .html5-video-container > .video-stream.html5-main-video"/>
    <testcase classname="http://www.tjsp.jus.br.tabindex" name="#_random_name_id_1497374913953,#player_uid_985527158_1 > .ytp-chrome-bottom > .ytp-progress-bar-container > .ytp-progress-bar"/>
    <testcase classname="http://www.tjsp.jus.br.tabindex" name="#_random_name_id_1497374913953,#player_uid_985527158_1 > .ytp-chrome-bottom > .ytp-chrome-controls > .ytp-left-controls > span > .ytp-volume-panel"/>
  </testsuite>
</testsuites>